[Licensing::Module] Trying to connect to existing licensing client channel...
Built from '6000.3/staging' branch; Version is '6000.3.9f1 (7a9955a4f2fa) revision 8034645'; Using compiler version '194234433'; Build Type 'Release'
OS: 'Windows 11  (10.0.26100) ServerDatacenter' Language: 'en' Physical Memory: 16176 MB
[Licensing::IpcConnector] Successfully connected to: "LicenseClient-Administrator" at "2026-02-23T14:19:05.1853314Z"
BatchMode: 1, IsHumanControllingUs: 0, StartBugReporterOnCrash: 0, Is64bit: 1
System  architecture: x64
Process architecture: x64
Date: 2026-02-23T14:19:05Z

COMMAND LINE ARGUMENTS:
C:\Program Files\Unity\Hub\Editor\6000.3.9f1\Editor\Unity.exe
-batchmode
-nographics
-projectPath
C:\Users\Administrator\.openclaw\workspace\leaderboard-game
-executeMethod
BuildGame.Build
-quit
-logFile
C:\Users\Administrator\.openclaw\workspace\leaderboard-game\unity-build2.log
Successfully changed project path to: C:\Users\Administrator\.openclaw\workspace\leaderboard-game
C:/Users/Administrator/.openclaw/workspace/leaderboard-game
[UnityMemory] Configuration Parameters - Can be set up in boot.config
    "memorysetup-temp-allocator-size-nav-mesh-worker=65536"
    "memorysetup-temp-allocator-size-audio-worker=65536"
    "memorysetup-temp-allocator-size-gfx=262144"
    "memorysetup-allocator-temp-initial-block-size-main=262144"
    "memorysetup-allocator-temp-initial-block-size-worker=262144"
    "memorysetup-temp-allocator-size-background-worker=32768"
    "memorysetup-temp-allocator-size-job-worker=262144"
    "memorysetup-temp-allocator-size-preload-manager=33554432"
    "memorysetup-temp-allocator-size-gi-baking-worker=262144"
    "memorysetup-temp-allocator-size-gi-baking-worker=262144"
    "memorysetup-temp-allocator-size-gi-baking-worker=262144"
    "memorysetup-temp-allocator-size-gi-baking-worker=262144"
    "memorysetup-temp-allocator-size-gi-baking-worker=262144"
    "memorysetup-bucket-allocator-granularity=16"
    "memorysetup-bucket-allocator-bucket-count=8"
    "memorysetup-bucket-allocator-block-size=33554432"
    "memorysetup-bucket-allocator-block-count=8"
    "memorysetup-main-allocator-block-size=16777216"
    "memorysetup-thread-allocator-block-size=16777216"
    "memorysetup-gfx-main-allocator-block-size=16777216"
    "memorysetup-gfx-thread-allocator-block-size=16777216"
    "memorysetup-cache-allocator-block-size=4194304"
    "memorysetup-typetree-allocator-block-size=2097152"
    "memorysetup-profiler-bucket-allocator-granularity=16"
    "memorysetup-profiler-bucket-allocator-bucket-count=8"
    "memorysetup-profiler-bucket-allocator-block-size=33554432"
    "memorysetup-profiler-bucket-allocator-block-count=8"
    "memorysetup-profiler-allocator-block-size=16777216"
    "memorysetup-profiler-editor-allocator-block-size=1048576"
    "memorysetup-temp-allocator-size-main=16777216"
    "memorysetup-job-temp-allocator-block-size=2097152"
    "memorysetup-job-temp-allocator-block-size-background=1048576"
    "memorysetup-job-temp-allocator-reduction-small-platforms=262144"
    "memorysetup-temp-allocator-size-cloud-worker=32768"
Player connection [4188]  Target information:

Player connection [4188]  * "[IP] 172.31.20.54 [Port] 55504 [Flags] 2 [Guid] 79731056 [EditorId] 79731056 [Version] 1048832 [Id] WindowsEditor(7,EC2AMAZ-AVFMNU9) [Debug] 1 [PackageName] WindowsEditor [ProjectName] Editor" 

Player connection [4188] Host joined multi-casting on [225.0.0.222:54997]...
Player connection [4188] Host joined alternative multi-casting on [225.0.0.222:34997]...
Input System module state changed to: Initialized.
[Physics::Module] Initialized fallback backend.
[Physics::Module] Id: 0xdecafbad
[Package Manager] Connected to IPC stream "Upm-5052" after 0.6 seconds.
[Licensing::Module] Licensing is not yet initialized.
[Licensing::Client] Handshaking with LicensingClient:
  Version:                 1.17.4+4293ba1
  Session Id:              84389532e4b244488b7662b3f5303d09
  Correlation Id:          801e8730218ca2cccb13ef3cd4f0381c
  External correlation Id: 2736657058075972226
  Machine Id:              LLp/YPy+TKfzpGYM73xtlWcXomg=
[Licensing::Module] Successfully connected to LicensingClient on channel: "LicenseClient-Administrator" (connect: 0.00s, validation: 0.00s, handshake: 1.83s)
[Licensing::IpcConnector] Successfully connected to: "LicenseClient-Administrator-notifications" at "2026-02-23T14:19:07.0154198Z"
[Licensing::Module] Error: Access token is unavailable; failed to update
[Licensing::Client] Successfully resolved entitlement details
[Licensing::Module] License group:
  Id: 18968382090983-UnityPersXXXX
  Product: Unity Personal
  Type: Assigned
  Expiration: Unlimited
[Licensing::Client] Successfully updated license, isAsync: True, time: 0.00
[Licensing::Client] Successfully resolved entitlement details
[Licensing::Module] Licensing Background thread has ended after 1.84s
[Licensing::Module] Licensing is initialized (took 1.08s).
[Licensing::Client] Successfully resolved entitlement details
Library Redirect Path: Library/
[Physics::Module] Selected backend.
[Physics::Module] Name: PhysX
[Physics::Module] Id: 0xf2b8ea05
[Physics::Module] SDK Version: 4.1.2
[Physics::Module] Integration Version: 1.0.0
[Physics::Module] Threading Mode: Multi-Threaded
Refreshing native plugins compatible for Editor in 0.00 ms, found 0 plugins.
Preloading 0 native plugins for Editor in 0.00 ms.
Initialize engine version: 6000.3.9f1 (7a9955a4f2fa)
[Subsystems] Discovering subsystems at path C:/Program Files/Unity/Hub/Editor/6000.3.9f1/Editor/Data/Resources/UnitySubsystems
[Subsystems] Discovering subsystems at path C:/Users/Administrator/.openclaw/workspace/leaderboard-game/Assets
Forcing GfxDevice: Null
GfxDevice: creating device client; kGfxThreadingModeNonThreaded
NullGfxDevice:
    Version:  NULL 1.0 [1.0]
    Renderer: Null Device
    Vendor:   Unity Technologies
Initialize mono
Mono path[0] = 'C:/Program Files/Unity/Hub/Editor/6000.3.9f1/Editor/Data/Managed'
Mono path[1] = 'C:/Program Files/Unity/Hub/Editor/6000.3.9f1/Editor/Data/MonoBleedingEdge/lib/mono/unityjit-win32'
Mono config path = 'C:/Program Files/Unity/Hub/Editor/6000.3.9f1/Editor/Data/MonoBleedingEdge/etc'
Using monoOptions --debugger-agent=transport=dt_socket,embedding=1,server=y,suspend=n,address=127.0.0.1:56052
Using cacheserver namespaces - metadata:defaultmetadata, artifacts:defaultartifacts
Using cacheserver namespaces - metadata:defaultmetadata, artifacts:defaultartifacts
ImportWorker Server TCP listen port: 0
AcceleratorClientConnectionCallback - disconnected - :0
Begin MonoManager ReloadAssembly
Registering precompiled unity dll's ...
Register platform support module: C:/Program Files/Unity/Hub/Editor/6000.3.9f1/Editor/Data/PlaybackEngines/WebGLSupport/UnityEditor.WebGL.Extensions.dll
Register platform support module: C:/Program Files/Unity/Hub/Editor/6000.3.9f1/Editor/Data/PlaybackEngines/WindowsStandaloneSupport/UnityEditor.WindowsStandalone.Extensions.dll
Registered in 0.006104 seconds.
- Loaded All Assemblies, in  1.242 seconds
Native extension for WindowsStandalone target not found
Native extension for WebGL target not found
ScheduleIndexationOnStartup MainProcess:False IndexOnStartup:False
Mono: successfully reloaded assembly
- Finished resetting the current domain, in  1.042 seconds
Domain Reload Profiling: 2281ms
	BeginReloadAssembly (717ms)
		ExecutionOrderSort (0ms)
		DisableScriptedObjects (0ms)
		BackupInstance (0ms)
		ReleaseScriptingObjects (0ms)
		CreateAndSetChildDomain (13ms)
	RebuildCommonClasses (69ms)
	RebuildNativeTypeToScriptingClass (25ms)
	initialDomainReloadingComplete (81ms)
	LoadAllAssembliesAndSetupDomain (347ms)
		LoadAssemblies (702ms)
		RebuildTransferFunctionScriptingTraits (0ms)
		AnalyzeDomain (341ms)
			TypeCache.Refresh (338ms)
				TypeCache.ScanAssembly (311ms)
			BuildScriptInfoCaches (0ms)
			ResolveRequiredComponents (1ms)
	FinalizeReload (1042ms)
		ReleaseScriptCaches (0ms)
		RebuildScriptCaches (0ms)
		SetupLoadedEditorAssemblies (969ms)
			LogAssemblyErrors (0ms)
			InitializePlatformSupportModulesInManaged (88ms)
			SetLoadedEditorAssemblies (7ms)
			BeforeProcessingInitializeOnLoad (174ms)
			ProcessInitializeOnLoadAttributes (287ms)
			ProcessInitializeOnLoadMethodAttributes (413ms)
			AfterProcessingInitializeOnLoad (0ms)
			EditorAssembliesLoaded (0ms)
		ExecutionOrderSort2 (0ms)
		AwakeInstancesAfterBackupRestoration (0ms)
[Licensing::Client] Successfully resolved entitlement details
Application.AssetDatabase Initial Refresh Start
Package Manager log level set to [2]
[Package Manager] Restoring resolved packages state from cache
[Licensing::Client] Successfully resolved entitlement details
[Package Manager] Registered 39 packages:
  Built-in packages:
    com.unity.textmeshpro@5.0.0 (location: C:\Users\Administrator\.openclaw\workspace\leaderboard-game\Library\PackageCache\com.unity.textmeshpro@53f43edfd2e0)
    com.unity.ugui@2.0.0 (location: C:\Users\Administrator\.openclaw\workspace\leaderboard-game\Library\PackageCache\com.unity.ugui@bb329a87fcdc)
    com.unity.multiplayer.center@1.0.1 (location: C:\Users\Administrator\.openclaw\workspace\leaderboard-game\Library\PackageCache\com.unity.multiplayer.center@f01f4ba8d00a)
    com.unity.modules.accessibility@1.0.0 (location: C:\Users\Administrator\.openclaw\workspace\leaderboard-game\Library\PackageCache\com.unity.modules.accessibility)
    com.unity.modules.adaptiveperformance@1.0.0 (location: C:\Users\Administrator\.openclaw\workspace\leaderboard-game\Library\PackageCache\com.unity.modules.adaptiveperformance)
    com.unity.modules.ai@1.0.0 (location: C:\Users\Administrator\.openclaw\workspace\leaderboard-game\Library\PackageCache\com.unity.modules.ai)
    com.unity.modules.androidjni@1.0.0 (location: C:\Users\Administrator\.openclaw\workspace\leaderboard-game\Library\PackageCache\com.unity.modules.androidjni)
    com.unity.modules.animation@1.0.0 (location: C:\Users\Administrator\.openclaw\workspace\leaderboard-game\Library\PackageCache\com.unity.modules.animation)
    com.unity.modules.assetbundle@1.0.0 (location: C:\Users\Administrator\.openclaw\workspace\leaderboard-game\Library\PackageCache\com.unity.modules.assetbundle)
    com.unity.modules.audio@1.0.0 (location: C:\Users\Administrator\.openclaw\workspace\leaderboard-game\Library\PackageCache\com.unity.modules.audio)
    com.unity.modules.cloth@1.0.0 (location: C:\Users\Administrator\.openclaw\workspace\leaderboard-game\Library\PackageCache\com.unity.modules.cloth)
    com.unity.modules.director@1.0.0 (location: C:\Users\Administrator\.openclaw\workspace\leaderboard-game\Library\PackageCache\com.unity.modules.director)
    com.unity.modules.imageconversion@1.0.0 (location: C:\Users\Administrator\.openclaw\workspace\leaderboard-game\Library\PackageCache\com.unity.modules.imageconversion)
    com.unity.modules.imgui@1.0.0 (location: C:\Users\Administrator\.openclaw\workspace\leaderboard-game\Library\PackageCache\com.unity.modules.imgui)
    com.unity.modules.jsonserialize@1.0.0 (location: C:\Users\Administrator\.openclaw\workspace\leaderboard-game\Library\PackageCache\com.unity.modules.jsonserialize)
    com.unity.modules.particlesystem@1.0.0 (location: C:\Users\Administrator\.openclaw\workspace\leaderboard-game\Library\PackageCache\com.unity.modules.particlesystem)
    com.unity.modules.physics@1.0.0 (location: C:\Users\Administrator\.openclaw\workspace\leaderboard-game\Library\PackageCache\com.unity.modules.physics)
    com.unity.modules.physics2d@1.0.0 (location: C:\Users\Administrator\.openclaw\workspace\leaderboard-game\Library\PackageCache\com.unity.modules.physics2d)
    com.unity.modules.screencapture@1.0.0 (location: C:\Users\Administrator\.openclaw\workspace\leaderboard-game\Library\PackageCache\com.unity.modules.screencapture)
    com.unity.modules.terrain@1.0.0 (location: C:\Users\Administrator\.openclaw\workspace\leaderboard-game\Library\PackageCache\com.unity.modules.terrain)
    com.unity.modules.terrainphysics@1.0.0 (location: C:\Users\Administrator\.openclaw\workspace\leaderboard-game\Library\PackageCache\com.unity.modules.terrainphysics)
    com.unity.modules.tilemap@1.0.0 (location: C:\Users\Administrator\.openclaw\workspace\leaderboard-game\Library\PackageCache\com.unity.modules.tilemap)
    com.unity.modules.ui@1.0.0 (location: C:\Users\Administrator\.openclaw\workspace\leaderboard-game\Library\PackageCache\com.unity.modules.ui)
    com.unity.modules.uielements@1.0.0 (location: C:\Users\Administrator\.openclaw\workspace\leaderboard-game\Library\PackageCache\com.unity.modules.uielements)
    com.unity.modules.umbra@1.0.0 (location: C:\Users\Administrator\.openclaw\workspace\leaderboard-game\Library\PackageCache\com.unity.modules.umbra)
    com.unity.modules.unityanalytics@1.0.0 (location: C:\Users\Administrator\.openclaw\workspace\leaderboard-game\Library\PackageCache\com.unity.modules.unityanalytics)
    com.unity.modules.unitywebrequest@1.0.0 (location: C:\Users\Administrator\.openclaw\workspace\leaderboard-game\Library\PackageCache\com.unity.modules.unitywebrequest)
    com.unity.modules.unitywebrequestassetbundle@1.0.0 (location: C:\Users\Administrator\.openclaw\workspace\leaderboard-game\Library\PackageCache\com.unity.modules.unitywebrequestassetbundle)
    com.unity.modules.unitywebrequestaudio@1.0.0 (location: C:\Users\Administrator\.openclaw\workspace\leaderboard-game\Library\PackageCache\com.unity.modules.unitywebrequestaudio)
    com.unity.modules.unitywebrequesttexture@1.0.0 (location: C:\Users\Administrator\.openclaw\workspace\leaderboard-game\Library\PackageCache\com.unity.modules.unitywebrequesttexture)
    com.unity.modules.unitywebrequestwww@1.0.0 (location: C:\Users\Administrator\.openclaw\workspace\leaderboard-game\Library\PackageCache\com.unity.modules.unitywebrequestwww)
    com.unity.modules.vectorgraphics@1.0.0 (location: C:\Users\Administrator\.openclaw\workspace\leaderboard-game\Library\PackageCache\com.unity.modules.vectorgraphics)
    com.unity.modules.vehicles@1.0.0 (location: C:\Users\Administrator\.openclaw\workspace\leaderboard-game\Library\PackageCache\com.unity.modules.vehicles)
    com.unity.modules.video@1.0.0 (location: C:\Users\Administrator\.openclaw\workspace\leaderboard-game\Library\PackageCache\com.unity.modules.video)
    com.unity.modules.vr@1.0.0 (location: C:\Users\Administrator\.openclaw\workspace\leaderboard-game\Library\PackageCache\com.unity.modules.vr)
    com.unity.modules.wind@1.0.0 (location: C:\Users\Administrator\.openclaw\workspace\leaderboard-game\Library\PackageCache\com.unity.modules.wind)
    com.unity.modules.xr@1.0.0 (location: C:\Users\Administrator\.openclaw\workspace\leaderboard-game\Library\PackageCache\com.unity.modules.xr)
    com.unity.modules.subsystems@1.0.0 (location: C:\Users\Administrator\.openclaw\workspace\leaderboard-game\Library\PackageCache\com.unity.modules.subsystems)
    com.unity.modules.hierarchycore@1.0.0 (location: C:\Users\Administrator\.openclaw\workspace\leaderboard-game\Library\PackageCache\com.unity.modules.hierarchycore)
[Package Manager] com.unity.textmeshpro is deprecated: This package is no longer supported. TextMeshPro functionalities are now included in the com.unity.ugui package. To continue using them, consider adding it to your project dependencies.
[Subsystems] No new subsystems found in resolved package list.
[Package Manager] Done registering packages in 0.02 seconds
[ScriptCompilation] Requested script compilation because: Assetdatabase observed changes in script compilation related files
info: Microsoft.Hosting.Lifetime[14]
      Now listening on: http://localhost:80
info: Microsoft.Hosting.Lifetime[0]
      Application started. Press Ctrl+C to shut down.
info: Microsoft.Hosting.Lifetime[0]
      Hosting environment: Production
info: Microsoft.Hosting.Lifetime[0]
      Content root path: C:\Users\Administrator\.openclaw\workspace\leaderboard-game\
info: Microsoft.AspNetCore.Hosting.Diagnostics[1]
      Request starting HTTP/2 POST http://ilpp/UnityILPP.PostProcessing/Ping application/grpc -
info: Microsoft.AspNetCore.Routing.EndpointMiddleware[0]
      Executing endpoint 'gRPC - /UnityILPP.PostProcessing/Ping'
info: Microsoft.AspNetCore.Routing.EndpointMiddleware[1]
      Executed endpoint 'gRPC - /UnityILPP.PostProcessing/Ping'
info: Microsoft.AspNetCore.Hosting.Diagnostics[2]
      Request finished HTTP/2 POST http://ilpp/UnityILPP.PostProcessing/Ping application/grpc - - 200 - application/grpc 61.5507ms
Starting: C:\Program Files\Unity\Hub\Editor\6000.3.9f1\Editor\Data\Tools\BuildPipeline\bee_backend.exe --ipc --defer-dag-verification --dagfile="Library/Bee/1900b0aE.dag" --continue-on-failure --profile="Library/Bee/backend1.traceevents" ScriptAssemblies
WorkingDir: C:/Users/Administrator/.openclaw/workspace/leaderboard-game
DisplayProgressbar: Compiling Scripts
ExitCode: 4 Duration: 2s54ms
Rebuilding DAG because FileSignature timestamp changed: Library/Bee/1900b0aE-inputdata.json
*** Tundra requires additional run (1.99 seconds), 1 items updated, 222 evaluated
Starting: C:\Program Files\Unity\Hub\Editor\6000.3.9f1\Editor\Data\netcorerun\netcorerun.exe "C:\Program Files\Unity\Hub\Editor\6000.3.9f1\Editor\Data\Tools\BuildPipeline\ScriptCompilationBuildProgram.exe" "Library/Bee/1900b0aE.dag.json" "Library/Bee/1900b0aE-inputdata.json" "Library\Bee\buildprogram0.traceevents"
WorkingDir: C:/Users/Administrator/.openclaw/workspace/leaderboard-game
ExitCode: 0 Duration: 0s404ms
Starting: C:\Program Files\Unity\Hub\Editor\6000.3.9f1\Editor\Data\Tools\BuildPipeline\bee_backend.exe --ipc --defer-dag-verification --dagfile="Library/Bee/1900b0aE.dag" --continue-on-failure --dagfilejson="Library\Bee\1900b0aE.dag.json" --profile="Library/Bee/backend2.traceevents" ScriptAssemblies
WorkingDir: C:/Users/Administrator/.openclaw/workspace/leaderboard-game
ExitCode: 0 Duration: 0s896ms
Finished compiling graph: 232 nodes, 2057 flattened edges (1933 ToBuild, 20 ToUse), maximum node priority 118
[181/229    0s] WriteText Library/Bee/artifacts/1900b0aE.dag/Assembly-CSharp.rsp
[223/229    0s] Csc Library/Bee/artifacts/1900b0aE.dag/Assembly-CSharp.dll (+2 others)
Assets\Scripts\Leaderboard\LeaderboardManager.cs(16,38): warning CS0414: The field 'LeaderboardManager.maxVisibleEntries' is assigned but its value is never used

Assets\Scripts\Leaderboard\RankChangeDetector.cs(18,21): warning CS0414: The field 'RankChangeDetector.lastScore' is assigned but its value is never used

Assets\Scripts\UI\LeaderboardEntryUI.cs(21,40): warning CS0414: The field 'LeaderboardEntryUI.slideSpeed' is assigned but its value is never used
[224/229    0s] CopyFiles Library/ScriptAssemblies/Assembly-CSharp.pdb
[225/229    0s] CopyFiles Library/ScriptAssemblies/Assembly-CSharp.dll
[226/229    0s] Csc Library/Bee/artifacts/1900b0aE.dag/Assembly-CSharp-Editor.dll (+2 others)
[227/229    0s] CopyFiles Library/ScriptAssemblies/Assembly-CSharp-Editor.pdb
[228/229    0s] CopyFiles Library/ScriptAssemblies/Assembly-CSharp-Editor.dll
*** Tundra build success (0.86 seconds), 7 items updated, 229 evaluated
Assets\Scripts\Leaderboard\LeaderboardManager.cs(16,38): warning CS0414: The field 'LeaderboardManager.maxVisibleEntries' is assigned but its value is never used
Assets\Scripts\Leaderboard\RankChangeDetector.cs(18,21): warning CS0414: The field 'RankChangeDetector.lastScore' is assigned but its value is never used
Assets\Scripts\UI\LeaderboardEntryUI.cs(21,40): warning CS0414: The field 'LeaderboardEntryUI.slideSpeed' is assigned but its value is never used
Total cache size 3797440
AssetDatabase: script compilation time: 4.001756s
Total cache size after purge 3797440, took 00:00:00.0289878
Begin MonoManager ReloadAssembly
- Loaded All Assemblies, in  0.773 seconds
Refreshing native plugins compatible for Editor in 0.00 ms, found 0 plugins.
Native extension for WindowsStandalone target not found
Native extension for WebGL target not found
ScheduleIndexationOnStartup MainProcess:True IndexOnStartup:True
Mono: successfully reloaded assembly
- Finished resetting the current domain, in  0.901 seconds
Domain Reload Profiling: 1671ms
	BeginReloadAssembly (373ms)
		ExecutionOrderSort (0ms)
		DisableScriptedObjects (21ms)
		BackupInstance (0ms)
		ReleaseScriptingObjects (0ms)
		CreateAndSetChildDomain (108ms)
	RebuildCommonClasses (73ms)
	RebuildNativeTypeToScriptingClass (27ms)
	initialDomainReloadingComplete (36ms)
	LoadAllAssembliesAndSetupDomain (261ms)
		LoadAssemblies (391ms)
		RebuildTransferFunctionScriptingTraits (0ms)
		AnalyzeDomain (38ms)
			TypeCache.Refresh (20ms)
				TypeCache.ScanAssembly (12ms)
			BuildScriptInfoCaches (10ms)
			ResolveRequiredComponents (4ms)
	FinalizeReload (902ms)
		ReleaseScriptCaches (0ms)
		RebuildScriptCaches (0ms)
		SetupLoadedEditorAssemblies (669ms)
			LogAssemblyErrors (0ms)
			InitializePlatformSupportModulesInManaged (56ms)
			SetLoadedEditorAssemblies (5ms)
			BeforeProcessingInitializeOnLoad (293ms)
			ProcessInitializeOnLoadAttributes (246ms)
			ProcessInitializeOnLoadMethodAttributes (62ms)
			AfterProcessingInitializeOnLoad (6ms)
			EditorAssembliesLoaded (0ms)
		ExecutionOrderSort2 (0ms)
		AwakeInstancesAfterBackupRestoration (14ms)
Refreshing native plugins compatible for Editor in 0.00 ms, found 0 plugins.
Preloading 0 native plugins for Editor in 0.00 ms.
Asset Pipeline Refresh (id=10a467e7e09ec7c45bfbd899e99c220c): Total: 6.105 seconds - Initiated by InitialRefreshV2(ForceSynchronousImport)
	Summary:
		Imports: total=0 (actual=0, local cache=0, cache server=0)
		Asset DB Process Time: managed=0 ms, native=1133 ms
		Asset DB Callback time: managed=142 ms, native=32 ms
		Scripting: domain reloads=1, domain reload time=774 ms, compile time=4005 ms, other=16 ms
		Project Asset Count: scripts=203, non-scripts=125
		Asset File Changes: new=1, changed=2, moved=0, deleted=0
		Scan Filter Count: 0
	InvokeCustomDependenciesCallbacks: 0.001ms
	InvokePackagesCallback: 31.624ms
	ApplyChangesToAssetFolders: 0.991ms
	Scan: 78.240ms
	OnSourceAssetsModified: 1.147ms
	CategorizeAssetsWithTransientArtifact: 2.292ms
	ProcessAssetsWithTransientArtifactChanges: 12.011ms
	CategorizeAssets: 3.856ms
	ImportOutOfDateAssets: 904.353ms (-3101.971ms without children)
		CompileScripts: 4005.468ms
		ReloadNativeAssets: 0.000ms
		UnloadImportedAssets: 0.201ms
		EnsureUptoDateAssetsAreRegisteredWithGuidPM: 0.114ms
		InitializingProgressBar: 0.001ms
		PostProcessAllAssetNotificationsAddChangedAssets: 0.000ms
		OnDemandSchedulerStart: 0.539ms
	PostProcessAllAssets: 144.072ms
	Hotreload: 2.205ms
	GatherAllCurrentPrimaryArtifactRevisions: 0.003ms
	UnloadStreamsBegin: 3.025ms
	PersistCurrentRevisions: 0.018ms
	UnloadStreamsEnd: 0.002ms
	GenerateScriptTypeHashes: 0.599ms
	Untracked: 4920.825ms

Application.AssetDatabase Initial Refresh End
Scanning for USB devices : 0.421ms
Initializing Unity extensions:
[MODES] ModeService[none].Initialize
[MODES] ModeService[none].LoadModes
[MODES] Loading mode Default (0) for mode-current-id-leaderboard-game
Unloading 4 Unused Serialized files (Serialized files now loaded: 0)
Unloading 442 unused Assets / (1.3 MB). Loaded Objects now: 1033.
Memory consumption went from 91.5 MB to 90.2 MB.
Total: 11.159400 ms (FindLiveObjects: 0.116700 ms CreateObjectMapping: 0.025500 ms MarkObjects: 9.340300 ms  DeleteObjects: 1.675900 ms)

Launched and connected shader compiler UnityShaderCompiler.exe after 0.02 seconds
info: Microsoft.AspNetCore.Hosting.Diagnostics[1]
      Request starting HTTP/2 POST http://ilpp/UnityILPP.PostProcessing/Ping application/grpc -
info: Microsoft.AspNetCore.Routing.EndpointMiddleware[0]
      Executing endpoint 'gRPC - /UnityILPP.PostProcessing/Ping'
info: Microsoft.AspNetCore.Routing.EndpointMiddleware[1]
      Executed endpoint 'gRPC - /UnityILPP.PostProcessing/Ping'
info: Microsoft.AspNetCore.Hosting.Diagnostics[2]
      Request finished HTTP/2 POST http://ilpp/UnityILPP.PostProcessing/Ping application/grpc - - 200 - application/grpc 2.3649ms
Starting: C:\Program Files\Unity\Hub\Editor\6000.3.9f1\Editor\Data\Tools\BuildPipeline\bee_backend.exe --ipc --defer-dag-verification --dagfile="Library/Bee/1900b0aESkipCompile.dag" --continue-on-failure --profile="Library/Bee/backend1.traceevents" ScriptAssembliesAndTypeDB
WorkingDir: C:/Users/Administrator/.openclaw/workspace/leaderboard-game
ExitCode: 0 Duration: 0s610ms
[2/3        0s] BuildPlayerDataGenerator Library/BuildPlayerData/Editor/TypeDb-All.json
*** Tundra build success (0.51 seconds), 1 items updated, 3 evaluated
Total cache size 3797440
Total cache size after purge 3797440, took 00:00:00.0271326
Asset Pipeline Refresh (id=2c2535dd84f036d4ca716b1399a50d74): Total: 0.013 seconds - Initiated by RefreshV2(NoUpdateAssetOptions)
[ScriptCompilation] Requested script compilation because: Recompiling scripts for player build.
BuildPlayer: start building target 19
info: Microsoft.AspNetCore.Hosting.Diagnostics[1]
      Request starting HTTP/2 POST http://ilpp/UnityILPP.PostProcessing/Ping application/grpc -
info: Microsoft.AspNetCore.Routing.EndpointMiddleware[0]
      Executing endpoint 'gRPC - /UnityILPP.PostProcessing/Ping'
info: Microsoft.AspNetCore.Routing.EndpointMiddleware[1]
      Executed endpoint 'gRPC - /UnityILPP.PostProcessing/Ping'
info: Microsoft.AspNetCore.Hosting.Diagnostics[2]
      Request finished HTTP/2 POST http://ilpp/UnityILPP.PostProcessing/Ping application/grpc - - 200 - application/grpc 0.7070ms
Starting: C:\Program Files\Unity\Hub\Editor\6000.3.9f1\Editor\Data\Tools\BuildPipeline\bee_backend.exe --ipc --defer-dag-verification --dagfile="Library/Bee/1900b0aP.dag" --continue-on-failure --profile="Library/Bee/backend1.traceevents" ScriptAssembliesAndTypeDB
WorkingDir: C:/Users/Administrator/.openclaw/workspace/leaderboard-game
ExitCode: 4 Duration: 0s433ms
[113/126    0s] CopyFiles Library/Bee/PlayerScriptAssemblies/UnityEngine.UI.dll
[114/126    0s] CopyFiles Library/Bee/PlayerScriptAssemblies/UnityEngine.UI.pdb
[115/126    0s] CopyFiles Library/Bee/PlayerScriptAssemblies/Unity.InternalAPIEngineBridge.004.dll
[116/126    0s] CopyFiles Library/Bee/PlayerScriptAssemblies/Unity.TextMeshPro.dll
[117/126    0s] CopyFiles Library/Bee/PlayerScriptAssemblies/Unity.Multiplayer.Center.Common.pdb
[118/126    0s] CopyFiles Library/Bee/PlayerScriptAssemblies/Unity.TextMeshPro.pdb
[119/126    0s] CopyFiles Library/Bee/PlayerScriptAssemblies/Unity.Multiplayer.Center.Common.dll
[120/126    0s] CopyFiles Library/Bee/PlayerScriptAssemblies/Unity.InternalAPIEngineBridge.004.pdb
Rebuilding DAG because FileSignature timestamp changed: Library/Bee/1900b0aP-inputdata.json
*** Tundra requires additional run (0.40 seconds), 9 items updated, 120 evaluated
Starting: C:\Program Files\Unity\Hub\Editor\6000.3.9f1\Editor\Data\netcorerun\netcorerun.exe "C:\Program Files\Unity\Hub\Editor\6000.3.9f1\Editor\Data\Tools\BuildPipeline\ScriptCompilationBuildProgram.exe" "Library/Bee/1900b0aP.dag.json" "Library/Bee/1900b0aP-inputdata.json" "Library\Bee\buildprogram0.traceevents"
WorkingDir: C:/Users/Administrator/.openclaw/workspace/leaderboard-game
ExitCode: 0 Duration: 0s362ms
Starting: C:\Program Files\Unity\Hub\Editor\6000.3.9f1\Editor\Data\Tools\BuildPipeline\bee_backend.exe --ipc --defer-dag-verification --dagfile="Library/Bee/1900b0aP.dag" --continue-on-failure --dagfilejson="Library\Bee\1900b0aP.dag.json" --profile="Library/Bee/backend2.traceevents" ScriptAssembliesAndTypeDB
WorkingDir: C:/Users/Administrator/.openclaw/workspace/leaderboard-game
Assets\Scripts\Leaderboard\LeaderboardManager.cs(16,38): warning CS0414: The field 'LeaderboardManager.maxVisibleEntries' is assigned but its value is never used
Assets\Scripts\Leaderboard\RankChangeDetector.cs(18,21): warning CS0414: The field 'RankChangeDetector.lastScore' is assigned but its value is never used
Assets\Scripts\UI\LeaderboardEntryUI.cs(21,40): warning CS0414: The field 'LeaderboardEntryUI.slideSpeed' is assigned but its value is never used
Total cache size 3797440
Total cache size after purge 3797440, took 00:00:00.0118882
ExitCode: 0 Duration: 1s387ms
Finished compiling graph: 127 nodes, 720 flattened edges (676 ToBuild, 10 ToUse), maximum node priority 56
[100/126    0s] WriteText Library/Bee/artifacts/1900b0aP.dag/Assembly-CSharp.rsp
[121/126    0s] Csc Library/Bee/artifacts/1900b0aP.dag/Assembly-CSharp.dll (+2 others)
Assets\Scripts\Leaderboard\LeaderboardManager.cs(16,38): warning CS0414: The field 'LeaderboardManager.maxVisibleEntries' is assigned but its value is never used

Assets\Scripts\Leaderboard\RankChangeDetector.cs(18,21): warning CS0414: The field 'RankChangeDetector.lastScore' is assigned but its value is never used

Assets\Scripts\UI\LeaderboardEntryUI.cs(21,40): warning CS0414: The field 'LeaderboardEntryUI.slideSpeed' is assigned but its value is never used
[122/126    0s] CopyFiles Library/Bee/PlayerScriptAssemblies/Assembly-CSharp.pdb
[123/126    0s] CopyFiles Library/Bee/PlayerScriptAssemblies/Assembly-CSharp.dll
[125/126    0s] BuildPlayerDataGenerator Library/BuildPlayerData/Player/RuntimeInitializeOnLoads.json (+1 other)
*** Tundra build success (1.34 seconds), 5 items updated, 126 evaluated
Not rebuilding Data files -- no changes


Mono dependencies included in the build
Dependency assembly - System.Buffers.dll
Dependency assembly - I18N.West.dll
Dependency assembly - System.Resources.ResourceManager.dll
Dependency assembly - System.Runtime.InteropServices.RuntimeInformation.dll
Dependency assembly - Microsoft.Build.Tasks.v4.0.dll
Dependency assembly - System.Data.Linq.dll
Dependency assembly - System.Reactive.Debugger.dll
Dependency assembly - System.Reactive.Observable.Aliases.dll
Dependency assembly - System.Deployment.dll
Dependency assembly - System.Messaging.dll
Dependency assembly - Unity.InternalAPIEngineBridge.004.dll
Dependency assembly - System.Net.Cache.dll
Dependency assembly - System.Security.Cryptography.Encryption.ECDsa.dll
Dependency assembly - System.Security.Principal.Windows.dll
Dependency assembly - System.Xml.XPath.dll
Dependency assembly - I18N.Rare.dll
Dependency assembly - System.Web.WebPages.Razor.dll
Dependency assembly - System.Web.Routing.dll
Dependency assembly - System.Diagnostics.StackTrace.dll
Dependency assembly - System.dll
Dependency assembly - System.Net.Http.dll
Dependency assembly - System.Net.WebSockets.Client.dll
Dependency assembly - System.Runtime.Serialization.Primitives.dll
Dependency assembly - System.AppContext.dll
Dependency assembly - System.Globalization.dll
Dependency assembly - System.Runtime.Serialization.dll
Dependency assembly - System.Net.Sockets.dll
Dependency assembly - System.Runtime.Serialization.Formatters.Soap.dll
Dependency assembly - System.ServiceModel.Security.dll
Dependency assembly - mscorlib.dll
Dependency assembly - System.Reactive.Windows.Forms.dll
Dependency assembly - System.ServiceModel.Activation.dll
Dependency assembly - Mono.Simd.dll
Dependency assembly - System.Threading.Thread.dll
Dependency assembly - System.Threading.Tasks.Dataflow.dll
Dependency assembly - System.Net.Http.WebRequest.dll
Dependency assembly - System.Net.WebSockets.dll
Dependency assembly - System.Linq.dll
Dependency assembly - System.IO.Pipes.dll
Dependency assembly - System.Net.Mail.dll
Dependency assembly - System.Runtime.InteropServices.WindowsRuntime.dll
Dependency assembly - System.Linq.Parallel.dll
Dependency assembly - System.Security.Cryptography.Encryption.Aes.dll
Dependency assembly - System.Security.Claims.dll
Dependency assembly - System.Security.Cryptography.Algorithms.dll
Dependency assembly - Microsoft.Build.Engine.dll
Dependency assembly - System.Web.dll
Dependency assembly - I18N.CJK.dll
Dependency assembly - System.Drawing.Design.dll
Dependency assembly - System.Windows.Forms.DataVisualization.dll
Dependency assembly - System.Security.SecureString.dll
Dependency assembly - System.Reflection.Emit.dll
Dependency assembly - I18N.MidEast.dll
Dependency assembly - System.Threading.Overlapped.dll
Dependency assembly - System.Security.Cryptography.Pkcs.dll
Dependency assembly - System.Windows.dll
Dependency assembly - System.ComponentModel.DataAnnotations.dll
Dependency assembly - System.Web.Extensions.dll
Dependency assembly - Assembly-CSharp.dll
Dependency assembly - System.Runtime.DurableInstancing.dll
Dependency assembly - System.Web.Http.SelfHost.dll
Dependency assembly - System.Xml.XDocument.dll
Dependency assembly - System.Console.dll
Dependency assembly - System.Windows.Forms.dll
Dependency assembly - System.Runtime.Numerics.dll
Dependency assembly - System.Xml.dll
Dependency assembly - System.Xml.XPath.XmlDocument.dll
Dependency assembly - System.Reactive.Interfaces.dll
Dependency assembly - System.Runtime.Serialization.Formatters.dll
Dependency assembly - System.Security.Cryptography.ProtectedData.dll
Dependency assembly - System.Xml.XmlSerializer.dll
Dependency assembly - Microsoft.Win32.Registry.AccessControl.dll
Dependency assembly - System.ServiceProcess.dll
Dependency assembly - System.Text.RegularExpressions.dll
Dependency assembly - System.Xml.Serialization.dll
Dependency assembly - System.Collections.Concurrent.dll
Dependency assembly - System.Security.Cryptography.X509Certificates.dll
Dependency assembly - System.ComponentModel.Annotations.dll
Dependency assembly - Mono.Profiler.Log.dll
Dependency assembly - System.Data.Common.dll
Dependency assembly - System.ComponentModel.Composition.dll
Dependency assembly - System.Diagnostics.TraceEvent.dll
Dependency assembly - System.Net.Security.dll
Dependency assembly - System.Reflection.dll
Dependency assembly - ICSharpCode.SharpZipLib.dll
Dependency assembly - System.Security.Principal.dll
Dependency assembly - System.Net.NetworkInformation.dll
Dependency assembly - System.Globalization.Calendars.dll
Dependency assembly - System.Security.Cryptography.Encryption.ECDiffieHellman.dll
Dependency assembly - System.Net.AuthenticationManager.dll
Dependency assembly - SystemWebTestShim.dll
Dependency assembly - Mono.Messaging.RabbitMQ.dll
Dependency assembly - System.Drawing.dll
Dependency assembly - System.Numerics.Vectors.dll
Dependency assembly - System.Net.Ping.dll
Dependency assembly - System.Configuration.dll
Dependency assembly - System.Runtime.dll
Dependency assembly - System.Transactions.dll
Dependency assembly - System.ComponentModel.dll
Dependency assembly - System.Runtime.Serialization.Json.dll
Dependency assembly - Mono.XBuild.Tasks.dll
Dependency assembly - System.IdentityModel.Selectors.dll
Dependency assembly - System.Diagnostics.Debug.dll
Dependency assembly - System.Security.Cryptography.Cng.dll
Dependency assembly - System.Diagnostics.FileVersionInfo.dll
Dependency assembly - System.IO.FileSystem.Primitives.dll
Dependency assembly - System.Security.Cryptography.OpenSsl.dll
Dependency assembly - Microsoft.CSharp.dll
Dependency assembly - Mono.C5.dll
Dependency assembly - System.IO.FileSystem.Watcher.dll
Dependency assembly - System.Text.Encoding.CodePages.dll
Dependency assembly - System.Xml.Xsl.Primitives.dll
Dependency assembly - Novell.Directory.Ldap.dll
Dependency assembly - System.Diagnostics.Tracing.dll
Dependency assembly - System.Reflection.Primitives.dll
Dependency assembly - Mono.Security.dll
Dependency assembly - System.DirectoryServices.Protocols.dll
Dependency assembly - Mono.Security.Win32.dll
Dependency assembly - System.ComponentModel.Primitives.dll
Dependency assembly - RabbitMQ.Client.dll
Dependency assembly - Microsoft.VisualC.dll
Dependency assembly - System.Text.Encoding.Extensions.dll
Dependency assembly - System.Text.Encoding.dll
Dependency assembly - System.Web.DynamicData.dll
Dependency assembly - System.Threading.Tasks.Parallel.dll
Dependency assembly - Microsoft.Build.Framework.dll
Dependency assembly - System.Security.Cryptography.Encryption.dll
Dependency assembly - System.Net.Http.Rtc.dll
Dependency assembly - System.Threading.Tasks.Extensions.dll
Dependency assembly - System.EnterpriseServices.dll
Dependency assembly - System.Runtime.Handles.dll
Dependency assembly - SMDiagnostics.dll
Dependency assembly - System.Json.dll
Dependency assembly - System.Reactive.Experimental.dll
Dependency assembly - System.Workflow.Runtime.dll
Dependency assembly - System.Reactive.Linq.dll
Dependency assembly - System.Web.Http.dll
Dependency assembly - System.Collections.NonGeneric.dll
Dependency assembly - PEAPI.dll
Dependency assembly - System.Collections.Specialized.dll
Dependency assembly - System.Configuration.Install.dll
Dependency assembly - Commons.Xml.Relaxng.dll
Dependency assembly - Microsoft.Web.Infrastructure.dll
Dependency assembly - System.IO.UnmanagedMemoryStream.dll
Dependency assembly - System.ServiceModel.Duplex.dll
Dependency assembly - System.Net.Primitives.dll
Dependency assembly - I18N.Other.dll
Dependency assembly - Microsoft.Build.Utilities.v4.0.dll
Dependency assembly - System.Reflection.Emit.Lightweight.dll
Dependency assembly - System.Security.Cryptography.DeriveBytes.dll
Dependency assembly - Microsoft.Build.dll
Dependency assembly - System.Data.DataSetExtensions.dll
Dependency assembly - cscompmgd.dll
Dependency assembly - System.Diagnostics.Process.dll
Dependency assembly - System.Reactive.Core.dll
Dependency assembly - System.Xaml.dll
Dependency assembly - System.Dynamic.Runtime.dll
Dependency assembly - System.ServiceProcess.ServiceController.dll
Dependency assembly - System.Web.Extensions.Design.dll
Dependency assembly - System.IO.MemoryMappedFiles.dll
Dependency assembly - System.Data.OracleClient.dll
Dependency assembly - System.Diagnostics.Contracts.dll
Dependency assembly - Mono.CompilerServices.SymbolWriter.dll
Dependency assembly - System.Security.Cryptography.RandomNumberGenerator.dll
Dependency assembly - Unity.Multiplayer.Center.Common.dll
Dependency assembly - System.Web.Services.dll
Dependency assembly - System.Net.dll
Dependency assembly - System.ServiceModel.Http.dll
Dependency assembly - System.Resources.ReaderWriter.dll
Dependency assembly - System.IdentityModel.dll
Dependency assembly - System.IO.Compression.ZipFile.dll
Dependency assembly - System.Threading.Timer.dll
Dependency assembly - Microsoft.Win32.Registry.dll
Dependency assembly - System.Web.Http.WebHost.dll
Dependency assembly - System.Net.HttpListener.dll
Dependency assembly - Microsoft.Win32.Primitives.dll
Dependency assembly - System.ValueTuple.dll
Dependency assembly - System.Reactive.Runtime.Remoting.dll
Dependency assembly - UnityEngine.UI.dll
Dependency assembly - System.Drawing.Primitives.dll
Dependency assembly - Mono.CSharp.dll
Dependency assembly - System.ServiceModel.NetTcp.dll
Dependency assembly - System.Management.dll
Dependency assembly - System.Core.dll
Dependency assembly - System.Workflow.Activities.dll
Dependency assembly - System.Web.WebPages.dll
Dependency assembly - System.IO.IsolatedStorage.dll
Dependency assembly - System.DirectoryServices.dll
Dependency assembly - System.Numerics.dll
Dependency assembly - System.Threading.AccessControl.dll
Dependency assembly - System.Diagnostics.TextWriterTraceListener.dll
Dependency assembly - System.ServiceModel.Internals.dll
Dependency assembly - netstandard.dll
Dependency assembly - System.Json.Microsoft.dll
Dependency assembly - CustomMarshalers.dll
Dependency assembly - System.Data.SqlClient.dll
Dependency assembly - System.ServiceModel.dll
Dependency assembly - System.Security.Cryptography.Hashing.Algorithms.dll
Dependency assembly - System.Resources.Writer.dll
Dependency assembly - System.Runtime.Serialization.Xml.dll
Dependency assembly - System.Security.Cryptography.Csp.dll
Dependency assembly - System.IO.FileSystem.DriveInfo.dll
Dependency assembly - System.Diagnostics.Tools.dll
Dependency assembly - System.Security.AccessControl.dll
Dependency assembly - System.Web.Mvc.dll
Dependency assembly - System.Xml.Linq.dll
Dependency assembly - System.Linq.Expressions.dll
Dependency assembly - System.Diagnostics.TraceSource.dll
Dependency assembly - Unity.TextMeshPro.dll
Dependency assembly - System.Reflection.TypeExtensions.dll
Dependency assembly - System.Memory.dll
Dependency assembly - System.ComponentModel.TypeConverter.dll
Dependency assembly - System.Globalization.Extensions.dll
Dependency assembly - System.Reflection.Extensions.dll
Dependency assembly - System.IO.dll
Dependency assembly - Mono.Tasklets.dll
Dependency assembly - System.Data.Services.Client.dll
Dependency assembly - System.Reflection.Context.dll
Dependency assembly - System.Net.NameResolution.dll
Dependency assembly - System.Security.dll
Dependency assembly - System.ServiceModel.Discovery.dll
Dependency assembly - System.Web.Abstractions.dll
Dependency assembly - Mono.Btls.Interface.dll
Dependency assembly - System.Runtime.Remoting.dll
Dependency assembly - System.IO.Compression.dll
Dependency assembly - System.Net.Requests.dll
Dependency assembly - System.Data.dll
Dependency assembly - System.Runtime.CompilerServices.VisualC.dll
Dependency assembly - System.Security.Cryptography.RSA.dll
Dependency assembly - System.Web.WebPages.Deployment.dll
Dependency assembly - monodoc.dll
Dependency assembly - System.Data.Entity.dll
Dependency assembly - System.ServiceModel.Web.dll
Dependency assembly - System.Security.Cryptography.Primitives.dll
Dependency assembly - System.Xml.XPath.XDocument.dll
Dependency assembly - I18N.dll
Dependency assembly - Mono.Management.dll
Dependency assembly - System.Web.Mobile.dll
Dependency assembly - Mono.Messaging.dll
Dependency assembly - System.Xml.ReaderWriter.dll
Dependency assembly - System.Xml.XmlDocument.dll
Dependency assembly - System.Data.Services.dll
Dependency assembly - Mono.Cairo.dll
Dependency assembly - WebMatrix.Data.dll
Dependency assembly - System.Net.WebHeaderCollection.dll
Dependency assembly - Accessibility.dll
Dependency assembly - Mono.Data.Tds.dll
Dependency assembly - WindowsBase.dll
Dependency assembly - System.Reflection.Emit.ILGeneration.dll
Dependency assembly - System.Runtime.Extensions.dll
Dependency assembly - System.ComponentModel.EventBasedAsync.dll
Dependency assembly - System.Threading.ThreadPool.dll
Dependency assembly - System.Runtime.Caching.dll
Dependency assembly - Mono.Parallel.dll
Dependency assembly - System.Web.RegularExpressions.dll
Dependency assembly - System.Reflection.DispatchProxy.dll
Dependency assembly - System.Reactive.Providers.dll
Dependency assembly - System.Security.Cryptography.Hashing.dll
Dependency assembly - System.Resources.Reader.dll
Dependency assembly - Mono.Data.Sqlite.dll
Dependency assembly - System.Net.Utilities.dll
Dependency assembly - System.IO.FileSystem.AccessControl.dll
Dependency assembly - System.Net.ServicePoint.dll
Dependency assembly - System.Dynamic.dll
Dependency assembly - System.Threading.dll
Dependency assembly - System.ObjectModel.dll
Dependency assembly - System.Security.Cryptography.Encoding.dll
Dependency assembly - System.Net.Http.Formatting.dll
Dependency assembly - System.Reactive.Windows.Threading.dll
Dependency assembly - Mono.Posix.dll
Dependency assembly - Mono.WebBrowser.dll
Dependency assembly - System.Web.Razor.dll
Dependency assembly - System.Collections.dll
Dependency assembly - System.Threading.Tasks.dll
Dependency assembly - Mono.Http.dll
Dependency assembly - System.Linq.Queryable.dll
Dependency assembly - System.Design.dll
Dependency assembly - System.IO.Compression.FileSystem.dll
Dependency assembly - System.Web.ApplicationServices.dll
Dependency assembly - IBM.Data.DB2.dll
Dependency assembly - System.ServiceModel.Primitives.dll
Dependency assembly - System.ServiceModel.Routing.dll
Dependency assembly - System.IO.FileSystem.dll
Dependency assembly - Mono.Options.dll
Dependency assembly - System.Runtime.InteropServices.dll
Dependency assembly - System.Runtime.Loader.dll
Dependency assembly - System.Workflow.ComponentModel.dll
Dependency assembly - System.Reactive.PlatformServices.dll

Asset Pipeline Refresh (id=908cdc285698c054b81be7e39ea8b25a): Total: 0.012 seconds - Initiated by RefreshV2(NoUpdateAssetOptions)
info: Microsoft.AspNetCore.Hosting.Diagnostics[1]
      Request starting HTTP/2 POST http://ilpp/UnityILPP.PostProcessing/Ping application/grpc -
info: Microsoft.AspNetCore.Routing.EndpointMiddleware[0]
      Executing endpoint 'gRPC - /UnityILPP.PostProcessing/Ping'
info: Microsoft.AspNetCore.Routing.EndpointMiddleware[1]
      Executed endpoint 'gRPC - /UnityILPP.PostProcessing/Ping'
info: Microsoft.AspNetCore.Hosting.Diagnostics[2]
      Request finished HTTP/2 POST http://ilpp/UnityILPP.PostProcessing/Ping application/grpc - - 200 - application/grpc 0.3399ms
Starting: C:\Program Files\Unity\Hub\Editor\6000.3.9f1\Editor\Data\Tools\BuildPipeline\bee_backend.exe --ipc --dagfile="Library/Bee/Player2eb718e6.dag" --profile="Library/Bee/backend1.traceevents" Player
WorkingDir: C:/Users/Administrator/.openclaw/workspace/leaderboard-game
DisplayProgressbar: Incremental Player Build
[147/366    0s] AddBootConfigGUID Library/Bee/artifacts/WinPlayerBuildProgram/boot.config
[148/366    0s] CopyFiles Build/LeaderboardGame_Data/boot.config
[149/366    0s] UnityLinker C:/Users/Administrator/.openclaw/workspace/leaderboard-game/Library/Bee/artifacts/unitylinker_dwek.traceevents
C:\Program Files\Unity\Hub\Editor\6000.3.9f1\Editor\Data\il2cpp\build\deploy\UnityLinker.exe @Library\Bee\artifacts\rsp\701671529858454313.rsp
[150/366    0s] CopyFiles Build/LeaderboardGame_Data/Managed/Assembly-CSharp.dll
[365/366    0s] ExtractUsedFeatures Library/Bee/artifacts/WinPlayerBuildProgram/Features/Assembly-CSharp-FeaturesChecked.txt
*** Tundra requires additional run (3.63 seconds), 5 items updated, 366 evaluated
*** Additional run caused by: timestamp change of Library/Bee/artifacts/WinPlayerBuildProgram/Features/Assembly-CSharp-FeaturesChecked.txt
Starting: C:\Program Files\Unity\Hub\Editor\6000.3.9f1\Editor\Data\netcorerun\netcorerun.exe "C:\Program Files\Unity\Hub\Editor\6000.3.9f1\Editor\Data\PlaybackEngines\WindowsStandaloneSupport\WinPlayerBuildProgram.exe" "C:/Program Files/Unity/Hub/Editor/6000.3.9f1/Editor/Data/PlaybackEngines/WindowsStandaloneSupport/Bee;C:/Program Files/Unity/Hub/Editor/6000.3.9f1/Editor/Data/Tools/BuildPipeline" "Library/Bee/Player2eb718e6.dag.json" "Library/Bee/Player2eb718e6-inputdata.json" "Library\Bee\buildprogram0.traceevents"
WorkingDir: C:/Users/Administrator/.openclaw/workspace/leaderboard-game
ExitCode: 4 Duration: 3s671ms
ExitCode: 0 Duration: 0s523ms
Starting: C:\Program Files\Unity\Hub\Editor\6000.3.9f1\Editor\Data\Tools\BuildPipeline\bee_backend.exe --ipc --dagfile="Library/Bee/Player2eb718e6.dag" --dagfilejson="Library\Bee\Player2eb718e6.dag.json" --profile="Library/Bee/backend2.traceevents" Player
WorkingDir: C:/Users/Administrator/.openclaw/workspace/leaderboard-game
Finished compiling graph: 367 nodes, 946 flattened edges (946 ToBuild, 0 ToUse), maximum node priority 222
*** Tundra build success (0.14 seconds), 0 items updated, 366 evaluated
Total cache size 3797440
Total cache size after purge 3797440, took 00:00:00.0144363
ExitCode: 0 Duration: 0s198ms
Refreshing native plugins compatible for Editor in 0.00 ms, found 0 plugins.
Preloading 0 native plugins for Editor in 0.00 ms.

-------------------------------------------------------------------------------
Build Report
Information on used Assets is not available, since player data was not rebuilt.
Do a clean build to view the Asset build report information.
-------------------------------------------------------------------------------
Unloading 2 Unused Serialized files (Serialized files now loaded: 0)
Unloading 29 unused Assets / (Unknown). Loaded Objects now: 1081.
Memory consumption went from 94.4 MB to 95.4 MB.
Total: 10.148200 ms (FindLiveObjects: 0.089100 ms CreateObjectMapping: 0.013300 ms MarkObjects: 9.197700 ms  DeleteObjects: 0.847200 ms)

DisplayProgressNotification: Build Successful
Build Finished, Result: Success.
##utp:{"type":"PlayerBuildInfo","version":2,"phase":"Immediate","time":1771856364711,"processId":5052,"steps":[{"description":"Preprocess Player","duration":19},{"description":"Prepare For Build","duration":26},{"description":"ProducePlayerScriptAssemblies","duration":3130},{"description":"Verify Build setup","duration":78},{"description":"Prepare assets for target platform","duration":5},{"description":"Prepare splash screen","duration":2},{"description":"Run script only build","duration":68},{"description":"Postprocess built player","duration":4624}],"duration":7952}
Unloading 0 Unused Serialized files (Serialized files now loaded: 0)
Loaded scene 'Temp/__Backupscenes/0.backup'
	Deserialize:            0.611 ms
	Integration:            6.946 ms
	Integration of assets:  0.002 ms
	Thread Wait Time:       0.017 ms
	Total Operation Time:   7.576 ms
Unloading 0 unused Assets / (0 B). Loaded Objects now: 1081.
Memory consumption went from 95.4 MB to 95.4 MB.
Total: 8.423500 ms (FindLiveObjects: 0.117300 ms CreateObjectMapping: 0.017700 ms MarkObjects: 8.282700 ms  DeleteObjects: 0.005000 ms)

Build result: Succeeded
UnityEngine.Debug:ExtractStackTraceNoAlloc (byte*,int,string)
UnityEngine.StackTraceUtility:ExtractStackTrace ()
UnityEngine.DebugLogHandler:Internal_Log (UnityEngine.LogType,UnityEngine.LogOption,string,UnityEngine.Object)
UnityEngine.DebugLogHandler:LogFormat (UnityEngine.LogType,UnityEngine.Object,string,object[])
UnityEngine.Logger:Log (UnityEngine.LogType,object)
UnityEngine.Debug:Log (object)
BuildGame:Build () (at Assets/Editor/BuildGame.cs:18)

(Filename: Assets/Editor/BuildGame.cs Line: 18)

Batchmode quit successfully invoked - shutting down!
[Physics::Module] Cleanup current backend.
[Physics::Module] Id: 0xf2b8ea05
Input System module state changed to: ShutdownInProgress.
Input System polling thread exited.
Input System module state changed to: Shutdown.
[Licensing::IpcConnector] LicenseClient-Administrator-notifications channel disconnected successfully.
[Licensing::IpcConnector] LicenseClient-Administrator channel disconnected successfully.
AcceleratorClientConnectionCallback - disconnected - :0
Cleanup mono
abort_threads: Failed aborting id: 0000000000000088, mono_thread_manage will ignore it

abort_threads: Failed aborting id: 0000000000000CF8, mono_thread_manage will ignore it

abort_threads: Failed aborting id: 0000000000000088, mono_thread_manage will ignore it

abort_threads: Failed aborting id: 0000000000000CF8, mono_thread_manage will ignore it

debugger-agent: Unable to listen on 2240
Exiting batchmode successfully now!
Exiting without the bug reporter. Application will terminate with return code 0