[Licensing::Module] Trying to connect to existing licensing client channel...
Built from '6000.3/staging' branch; Version is '6000.3.9f1 (7a9955a4f2fa) revision 8034645'; Using compiler version '194234433'; Build Type 'Release'
OS: 'Windows 11  (10.0.26100) ServerDatacenter' Language: 'en' Physical Memory: 16176 MB
BatchMode: 1, IsHumanControllingUs: 0, StartBugReporterOnCrash: 0, Is64bit: 1
[Licensing::IpcConnector] Successfully connected to: "LicenseClient-Administrator" at "2026-02-24T17:03:10.3605905Z"
System  architecture: x64
Process architecture: x64
Date: 2026-02-24T17:03:10Z

COMMAND LINE ARGUMENTS:
C:\Program Files\Unity\Hub\Editor\6000.3.9f1\Editor\Unity.exe
-quit
-batchmode
-projectPath
C:\Users\Administrator\.openclaw\workspace\leaderboard-game
-executeMethod
BuildGame.Build
-logFile
C:\Users\Administrator\.openclaw\workspace\leaderboard-game\unity-build-debug.log
Successfully changed project path to: C:\Users\Administrator\.openclaw\workspace\leaderboard-game
C:/Users/Administrator/.openclaw/workspace/leaderboard-game
[UnityMemory] Configuration Parameters - Can be set up in boot.config
    "memorysetup-temp-allocator-size-nav-mesh-worker=65536"
    "memorysetup-temp-allocator-size-audio-worker=65536"
    "memorysetup-temp-allocator-size-gfx=262144"
    "memorysetup-allocator-temp-initial-block-size-main=262144"
    "memorysetup-allocator-temp-initial-block-size-worker=262144"
    "memorysetup-temp-allocator-size-background-worker=32768"
    "memorysetup-temp-allocator-size-job-worker=262144"
    "memorysetup-temp-allocator-size-preload-manager=33554432"
    "memorysetup-temp-allocator-size-gi-baking-worker=262144"
    "memorysetup-temp-allocator-size-gi-baking-worker=262144"
    "memorysetup-temp-allocator-size-gi-baking-worker=262144"
    "memorysetup-temp-allocator-size-gi-baking-worker=262144"
    "memorysetup-temp-allocator-size-gi-baking-worker=262144"
    "memorysetup-bucket-allocator-granularity=16"
    "memorysetup-bucket-allocator-bucket-count=8"
    "memorysetup-bucket-allocator-block-size=33554432"
    "memorysetup-bucket-allocator-block-count=8"
    "memorysetup-main-allocator-block-size=16777216"
    "memorysetup-thread-allocator-block-size=16777216"
    "memorysetup-gfx-main-allocator-block-size=16777216"
    "memorysetup-gfx-thread-allocator-block-size=16777216"
    "memorysetup-cache-allocator-block-size=4194304"
    "memorysetup-typetree-allocator-block-size=2097152"
    "memorysetup-profiler-bucket-allocator-granularity=16"
    "memorysetup-profiler-bucket-allocator-bucket-count=8"
    "memorysetup-profiler-bucket-allocator-block-size=33554432"
    "memorysetup-profiler-bucket-allocator-block-count=8"
    "memorysetup-profiler-allocator-block-size=16777216"
    "memorysetup-profiler-editor-allocator-block-size=1048576"
    "memorysetup-temp-allocator-size-main=16777216"
    "memorysetup-job-temp-allocator-block-size=2097152"
    "memorysetup-job-temp-allocator-block-size-background=1048576"
    "memorysetup-job-temp-allocator-reduction-small-platforms=262144"
    "memorysetup-temp-allocator-size-cloud-worker=32768"
Player connection [10612]  Target information:

Player connection [10612]  * "[IP] 172.31.20.54 [Port] 55504 [Flags] 2 [Guid] 2766859949 [EditorId] 2766859949 [Version] 1048832 [Id] WindowsEditor(7,EC2AMAZ-AVFMNU9) [Debug] 1 [PackageName] WindowsEditor [ProjectName] Editor" 

Player connection [10612] Host joined multi-casting on [225.0.0.222:54997]...
Player connection [10612] Host joined alternative multi-casting on [225.0.0.222:34997]...
Input System module state changed to: Initialized.
[Physics::Module] Initialized fallback backend.
[Physics::Module] Id: 0xdecafbad
[Package Manager] Connected to IPC stream "Upm-10716" after 0.6 seconds.
[Licensing::Module] Licensing is not yet initialized.
[Licensing::Client] Handshaking with LicensingClient:
  Version:                 1.17.4+4293ba1
  Session Id:              a832d66126c843c0941c925f5d2b08ef
  Correlation Id:          801e8730218ca2cccb13ef3cd4f0381c
  External correlation Id: 6514766981248120223
  Machine Id:              LLp/YPy+TKfzpGYM73xtlWcXomg=
[Licensing::Module] Successfully connected to LicensingClient on channel: "LicenseClient-Administrator" (connect: 0.00s, validation: 0.00s, handshake: 1.80s)
[Licensing::IpcConnector] Successfully connected to: "LicenseClient-Administrator-notifications" at "2026-02-24T17:03:12.1587601Z"
[Licensing::Module] Error: Access token is unavailable; failed to update
[Licensing::Client] Successfully resolved entitlement details
[Licensing::Module] License group:
  Id: 18968382090983-UnityPersXXXX
  Product: Unity Personal
  Type: Assigned
  Expiration: Unlimited
[Licensing::Client] Successfully updated license, isAsync: True, time: 0.00
[Licensing::Client] Successfully resolved entitlement details
[Licensing::Module] Licensing Background thread has ended after 1.81s
[Licensing::Module] Licensing is initialized (took 0.88s).
[Licensing::Client] Successfully resolved entitlement details
Library Redirect Path: Library/
[Physics::Module] Selected backend.
[Physics::Module] Name: PhysX
[Physics::Module] Id: 0xf2b8ea05
[Physics::Module] SDK Version: 4.1.2
[Physics::Module] Integration Version: 1.0.0
[Physics::Module] Threading Mode: Multi-Threaded
Refreshing native plugins compatible for Editor in 0.00 ms, found 0 plugins.
Preloading 0 native plugins for Editor in 0.00 ms.
Initialize engine version: 6000.3.9f1 (7a9955a4f2fa)
[Subsystems] Discovering subsystems at path C:/Program Files/Unity/Hub/Editor/6000.3.9f1/Editor/Data/Resources/UnitySubsystems
[Subsystems] Discovering subsystems at path C:/Users/Administrator/.openclaw/workspace/leaderboard-game/Assets
GfxDevice: creating device client; kGfxThreadingModeNonThreaded
Direct3D:
    Version:  Direct3D 11.0 [level 11.1]
    Renderer: Microsoft Basic Render Driver (ID=0x8c)
    Vendor:   Microsoft
    VRAM:     8088 MB
Initialize mono
Mono path[0] = 'C:/Program Files/Unity/Hub/Editor/6000.3.9f1/Editor/Data/Managed'
Mono path[1] = 'C:/Program Files/Unity/Hub/Editor/6000.3.9f1/Editor/Data/MonoBleedingEdge/lib/mono/unityjit-win32'
Mono config path = 'C:/Program Files/Unity/Hub/Editor/6000.3.9f1/Editor/Data/MonoBleedingEdge/etc'
Using monoOptions --debugger-agent=transport=dt_socket,embedding=1,server=y,suspend=n,address=127.0.0.1:56716
Using cacheserver namespaces - metadata:defaultmetadata, artifacts:defaultartifacts
Using cacheserver namespaces - metadata:defaultmetadata, artifacts:defaultartifacts
ImportWorker Server TCP listen port: 0
AcceleratorClientConnectionCallback - disconnected - :0
Begin MonoManager ReloadAssembly
Registering precompiled unity dll's ...
Register platform support module: C:/Program Files/Unity/Hub/Editor/6000.3.9f1/Editor/Data/PlaybackEngines/WebGLSupport/UnityEditor.WebGL.Extensions.dll
Register platform support module: C:/Program Files/Unity/Hub/Editor/6000.3.9f1/Editor/Data/PlaybackEngines/WindowsStandaloneSupport/UnityEditor.WindowsStandalone.Extensions.dll
Registered in 0.002690 seconds.
- Loaded All Assemblies, in  0.694 seconds
Native extension for WindowsStandalone target not found
Native extension for WebGL target not found
ScheduleIndexationOnStartup MainProcess:False IndexOnStartup:True
Mono: successfully reloaded assembly
- Finished resetting the current domain, in  0.727 seconds
Domain Reload Profiling: 1418ms
	BeginReloadAssembly (220ms)
		ExecutionOrderSort (0ms)
		DisableScriptedObjects (0ms)
		BackupInstance (0ms)
		ReleaseScriptingObjects (0ms)
		CreateAndSetChildDomain (12ms)
	RebuildCommonClasses (65ms)
	RebuildNativeTypeToScriptingClass (24ms)
	initialDomainReloadingComplete (71ms)
	LoadAllAssembliesAndSetupDomain (310ms)
		LoadAssemblies (206ms)
		RebuildTransferFunctionScriptingTraits (0ms)
		AnalyzeDomain (305ms)
			TypeCache.Refresh (302ms)
				TypeCache.ScanAssembly (273ms)
			BuildScriptInfoCaches (0ms)
			ResolveRequiredComponents (1ms)
	FinalizeReload (728ms)
		ReleaseScriptCaches (0ms)
		RebuildScriptCaches (0ms)
		SetupLoadedEditorAssemblies (646ms)
			LogAssemblyErrors (0ms)
			InitializePlatformSupportModulesInManaged (85ms)
			SetLoadedEditorAssemblies (6ms)
			BeforeProcessingInitializeOnLoad (153ms)
			ProcessInitializeOnLoadAttributes (278ms)
			ProcessInitializeOnLoadMethodAttributes (123ms)
			AfterProcessingInitializeOnLoad (0ms)
			EditorAssembliesLoaded (0ms)
		ExecutionOrderSort2 (0ms)
		AwakeInstancesAfterBackupRestoration (0ms)
[Licensing::Client] Successfully resolved entitlement details
Application.AssetDatabase Initial Refresh Start
Package Manager log level set to [2]
[Package Manager] Restoring resolved packages state from cache
[Licensing::Client] Successfully resolved entitlement details
[Package Manager] Registered 39 packages:
  Built-in packages:
    com.unity.textmeshpro@5.0.0 (location: C:\Users\Administrator\.openclaw\workspace\leaderboard-game\Library\PackageCache\com.unity.textmeshpro@53f43edfd2e0)
    com.unity.ugui@2.0.0 (location: C:\Users\Administrator\.openclaw\workspace\leaderboard-game\Library\PackageCache\com.unity.ugui@bb329a87fcdc)
    com.unity.multiplayer.center@1.0.1 (location: C:\Users\Administrator\.openclaw\workspace\leaderboard-game\Library\PackageCache\com.unity.multiplayer.center@f01f4ba8d00a)
    com.unity.modules.accessibility@1.0.0 (location: C:\Users\Administrator\.openclaw\workspace\leaderboard-game\Library\PackageCache\com.unity.modules.accessibility)
    com.unity.modules.adaptiveperformance@1.0.0 (location: C:\Users\Administrator\.openclaw\workspace\leaderboard-game\Library\PackageCache\com.unity.modules.adaptiveperformance)
    com.unity.modules.ai@1.0.0 (location: C:\Users\Administrator\.openclaw\workspace\leaderboard-game\Library\PackageCache\com.unity.modules.ai)
    com.unity.modules.androidjni@1.0.0 (location: C:\Users\Administrator\.openclaw\workspace\leaderboard-game\Library\PackageCache\com.unity.modules.androidjni)
    com.unity.modules.animation@1.0.0 (location: C:\Users\Administrator\.openclaw\workspace\leaderboard-game\Library\PackageCache\com.unity.modules.animation)
    com.unity.modules.assetbundle@1.0.0 (location: C:\Users\Administrator\.openclaw\workspace\leaderboard-game\Library\PackageCache\com.unity.modules.assetbundle)
    com.unity.modules.audio@1.0.0 (location: C:\Users\Administrator\.openclaw\workspace\leaderboard-game\Library\PackageCache\com.unity.modules.audio)
    com.unity.modules.cloth@1.0.0 (location: C:\Users\Administrator\.openclaw\workspace\leaderboard-game\Library\PackageCache\com.unity.modules.cloth)
    com.unity.modules.director@1.0.0 (location: C:\Users\Administrator\.openclaw\workspace\leaderboard-game\Library\PackageCache\com.unity.modules.director)
    com.unity.modules.imageconversion@1.0.0 (location: C:\Users\Administrator\.openclaw\workspace\leaderboard-game\Library\PackageCache\com.unity.modules.imageconversion)
    com.unity.modules.imgui@1.0.0 (location: C:\Users\Administrator\.openclaw\workspace\leaderboard-game\Library\PackageCache\com.unity.modules.imgui)
    com.unity.modules.jsonserialize@1.0.0 (location: C:\Users\Administrator\.openclaw\workspace\leaderboard-game\Library\PackageCache\com.unity.modules.jsonserialize)
    com.unity.modules.particlesystem@1.0.0 (location: C:\Users\Administrator\.openclaw\workspace\leaderboard-game\Library\PackageCache\com.unity.modules.particlesystem)
    com.unity.modules.physics@1.0.0 (location: C:\Users\Administrator\.openclaw\workspace\leaderboard-game\Library\PackageCache\com.unity.modules.physics)
    com.unity.modules.physics2d@1.0.0 (location: C:\Users\Administrator\.openclaw\workspace\leaderboard-game\Library\PackageCache\com.unity.modules.physics2d)
    com.unity.modules.screencapture@1.0.0 (location: C:\Users\Administrator\.openclaw\workspace\leaderboard-game\Library\PackageCache\com.unity.modules.screencapture)
    com.unity.modules.terrain@1.0.0 (location: C:\Users\Administrator\.openclaw\workspace\leaderboard-game\Library\PackageCache\com.unity.modules.terrain)
    com.unity.modules.terrainphysics@1.0.0 (location: C:\Users\Administrator\.openclaw\workspace\leaderboard-game\Library\PackageCache\com.unity.modules.terrainphysics)
    com.unity.modules.tilemap@1.0.0 (location: C:\Users\Administrator\.openclaw\workspace\leaderboard-game\Library\PackageCache\com.unity.modules.tilemap)
    com.unity.modules.ui@1.0.0 (location: C:\Users\Administrator\.openclaw\workspace\leaderboard-game\Library\PackageCache\com.unity.modules.ui)
    com.unity.modules.uielements@1.0.0 (location: C:\Users\Administrator\.openclaw\workspace\leaderboard-game\Library\PackageCache\com.unity.modules.uielements)
    com.unity.modules.umbra@1.0.0 (location: C:\Users\Administrator\.openclaw\workspace\leaderboard-game\Library\PackageCache\com.unity.modules.umbra)
    com.unity.modules.unityanalytics@1.0.0 (location: C:\Users\Administrator\.openclaw\workspace\leaderboard-game\Library\PackageCache\com.unity.modules.unityanalytics)
    com.unity.modules.unitywebrequest@1.0.0 (location: C:\Users\Administrator\.openclaw\workspace\leaderboard-game\Library\PackageCache\com.unity.modules.unitywebrequest)
    com.unity.modules.unitywebrequestassetbundle@1.0.0 (location: C:\Users\Administrator\.openclaw\workspace\leaderboard-game\Library\PackageCache\com.unity.modules.unitywebrequestassetbundle)
    com.unity.modules.unitywebrequestaudio@1.0.0 (location: C:\Users\Administrator\.openclaw\workspace\leaderboard-game\Library\PackageCache\com.unity.modules.unitywebrequestaudio)
    com.unity.modules.unitywebrequesttexture@1.0.0 (location: C:\Users\Administrator\.openclaw\workspace\leaderboard-game\Library\PackageCache\com.unity.modules.unitywebrequesttexture)
    com.unity.modules.unitywebrequestwww@1.0.0 (location: C:\Users\Administrator\.openclaw\workspace\leaderboard-game\Library\PackageCache\com.unity.modules.unitywebrequestwww)
    com.unity.modules.vectorgraphics@1.0.0 (location: C:\Users\Administrator\.openclaw\workspace\leaderboard-game\Library\PackageCache\com.unity.modules.vectorgraphics)
    com.unity.modules.vehicles@1.0.0 (location: C:\Users\Administrator\.openclaw\workspace\leaderboard-game\Library\PackageCache\com.unity.modules.vehicles)
    com.unity.modules.video@1.0.0 (location: C:\Users\Administrator\.openclaw\workspace\leaderboard-game\Library\PackageCache\com.unity.modules.video)
    com.unity.modules.vr@1.0.0 (location: C:\Users\Administrator\.openclaw\workspace\leaderboard-game\Library\PackageCache\com.unity.modules.vr)
    com.unity.modules.wind@1.0.0 (location: C:\Users\Administrator\.openclaw\workspace\leaderboard-game\Library\PackageCache\com.unity.modules.wind)
    com.unity.modules.xr@1.0.0 (location: C:\Users\Administrator\.openclaw\workspace\leaderboard-game\Library\PackageCache\com.unity.modules.xr)
    com.unity.modules.subsystems@1.0.0 (location: C:\Users\Administrator\.openclaw\workspace\leaderboard-game\Library\PackageCache\com.unity.modules.subsystems)
    com.unity.modules.hierarchycore@1.0.0 (location: C:\Users\Administrator\.openclaw\workspace\leaderboard-game\Library\PackageCache\com.unity.modules.hierarchycore)
[Package Manager] com.unity.textmeshpro is deprecated: This package is no longer supported. TextMeshPro functionalities are now included in the com.unity.ugui package. To continue using them, consider adding it to your project dependencies.
[Subsystems] No new subsystems found in resolved package list.
[Package Manager] Done registering packages in 0.02 seconds
[ScriptCompilation] Requested script compilation because: Assetdatabase observed changes in script compilation related files
Starting: C:\Program Files\Unity\Hub\Editor\6000.3.9f1\Editor\Data\Tools\BuildPipeline\bee_backend.exe --ipc --defer-dag-verification --dagfile="Library/Bee/1900b0aE.dag" --continue-on-failure --profile="Library/Bee/backend1.traceevents" ScriptAssemblies
WorkingDir: C:/Users/Administrator/.openclaw/workspace/leaderboard-game
DisplayProgressbar: Compiling Scripts
Assets\Scripts\Setup\SceneBuilder.cs(62,17): warning CS0618: 'Object.FindObjectOfType<T>()' is obsolete: 'Object.FindObjectOfType has been deprecated. Use Object.FindFirstObjectByType instead or if finding any instance is acceptable the faster Object.FindAnyObjectByType'
Assets\Scripts\Leaderboard\LeaderboardManager.cs(16,38): warning CS0414: The field 'LeaderboardManager.maxVisibleEntries' is assigned but its value is never used
Assets\Scripts\Leaderboard\RankChangeDetector.cs(19,21): warning CS0414: The field 'RankChangeDetector.lastScore' is assigned but its value is never used
Assets\Scripts\UI\LeaderboardEntryUI.cs(21,40): warning CS0414: The field 'LeaderboardEntryUI.slideSpeed' is assigned but its value is never used
ExitCode: 0 Duration: 2s329ms
[223/229    2s] Csc Library/Bee/artifacts/1900b0aE.dag/Assembly-CSharp.dll (+2 others)
Assets\Scripts\Setup\SceneBuilder.cs(62,17): warning CS0618: 'Object.FindObjectOfType<T>()' is obsolete: 'Object.FindObjectOfType has been deprecated. Use Object.FindFirstObjectByType instead or if finding any instance is acceptable the faster Object.FindAnyObjectByType'

Assets\Scripts\Leaderboard\LeaderboardManager.cs(16,38): warning CS0414: The field 'LeaderboardManager.maxVisibleEntries' is assigned but its value is never used

Assets\Scripts\Leaderboard\RankChangeDetector.cs(19,21): warning CS0414: The field 'RankChangeDetector.lastScore' is assigned but its value is never used

Assets\Scripts\UI\LeaderboardEntryUI.cs(21,40): warning CS0414: The field 'LeaderboardEntryUI.slideSpeed' is assigned but its value is never used
[227/229    0s] CopyFiles Library/ScriptAssemblies/Assembly-CSharp.pdb
[228/229    0s] CopyFiles Library/ScriptAssemblies/Assembly-CSharp.dll
*** Tundra build success (2.22 seconds), 3 items updated, 229 evaluated
Total cache size 3797440
AssetDatabase: script compilation time: 2.891116s
Begin MonoManager ReloadAssembly
Total cache size after purge 3797440, took 00:00:00.0407085
- Loaded All Assemblies, in  0.646 seconds
Refreshing native plugins compatible for Editor in 0.00 ms, found 0 plugins.
Native extension for WindowsStandalone target not found
Native extension for WebGL target not found
ScheduleIndexationOnStartup MainProcess:True IndexOnStartup:True
Mono: successfully reloaded assembly
- Finished resetting the current domain, in  0.760 seconds
Domain Reload Profiling: 1403ms
	BeginReloadAssembly (323ms)
		ExecutionOrderSort (0ms)
		DisableScriptedObjects (22ms)
		BackupInstance (0ms)
		ReleaseScriptingObjects (0ms)
		CreateAndSetChildDomain (66ms)
	RebuildCommonClasses (63ms)
	RebuildNativeTypeToScriptingClass (24ms)
	initialDomainReloadingComplete (31ms)
	LoadAllAssembliesAndSetupDomain (201ms)
		LoadAssemblies (331ms)
		RebuildTransferFunctionScriptingTraits (0ms)
		AnalyzeDomain (36ms)
			TypeCache.Refresh (20ms)
				TypeCache.ScanAssembly (12ms)
			BuildScriptInfoCaches (10ms)
			ResolveRequiredComponents (3ms)
	FinalizeReload (761ms)
		ReleaseScriptCaches (0ms)
		RebuildScriptCaches (0ms)
		SetupLoadedEditorAssemblies (542ms)
			LogAssemblyErrors (0ms)
			InitializePlatformSupportModulesInManaged (47ms)
			SetLoadedEditorAssemblies (4ms)
			BeforeProcessingInitializeOnLoad (220ms)
			ProcessInitializeOnLoadAttributes (203ms)
			ProcessInitializeOnLoadMethodAttributes (62ms)
			AfterProcessingInitializeOnLoad (6ms)
			EditorAssembliesLoaded (0ms)
		ExecutionOrderSort2 (0ms)
		AwakeInstancesAfterBackupRestoration (14ms)
Refreshing native plugins compatible for Editor in 0.00 ms, found 0 plugins.
Preloading 0 native plugins for Editor in 0.00 ms.
Asset Pipeline Refresh (id=d4b6bd687a2d53b47acd4676c6768bb7): Total: 4.669 seconds - Initiated by InitialRefreshV2(ForceSynchronousImport)
	Summary:
		Imports: total=0 (actual=0, local cache=0, cache server=0)
		Asset DB Process Time: managed=0 ms, native=976 ms
		Asset DB Callback time: managed=107 ms, native=28 ms
		Scripting: domain reloads=1, domain reload time=646 ms, compile time=2894 ms, other=15 ms
		Project Asset Count: scripts=211, non-scripts=162
		Asset File Changes: new=0, changed=2, moved=0, deleted=0
		Scan Filter Count: 0
	InvokeCustomDependenciesCallbacks: 0.001ms
	InvokePackagesCallback: 27.297ms
	ApplyChangesToAssetFolders: 0.838ms
	Scan: 71.855ms
	OnSourceAssetsModified: 1.322ms
	CategorizeAssetsWithTransientArtifact: 2.529ms
	ProcessAssetsWithTransientArtifactChanges: 11.970ms
	CategorizeAssets: 4.033ms
	ImportOutOfDateAssets: 762.818ms (-2131.847ms without children)
		CompileScripts: 2893.793ms
		ReloadNativeAssets: 0.000ms
		UnloadImportedAssets: 0.365ms
		EnsureUptoDateAssetsAreRegisteredWithGuidPM: 0.107ms
		InitializingProgressBar: 0.001ms
		PostProcessAllAssetNotificationsAddChangedAssets: 0.001ms
		OnDemandSchedulerStart: 0.399ms
	PostProcessAllAssets: 110.066ms
	Hotreload: 0.966ms
	GatherAllCurrentPrimaryArtifactRevisions: 0.004ms
	UnloadStreamsBegin: 3.459ms
	PersistCurrentRevisions: 0.024ms
	UnloadStreamsEnd: 0.002ms
	GenerateScriptTypeHashes: 0.323ms
	Untracked: 3672.022ms

Application.AssetDatabase Initial Refresh End
Launched and connected shader compiler UnityShaderCompiler.exe after 0.02 seconds
Scanning for USB devices : 0.282ms
Initializing Unity extensions:
[MODES] ModeService[none].Initialize
[MODES] ModeService[none].LoadModes
[MODES] Loading mode Default (0) for mode-current-id-leaderboard-game
Unloading 4 Unused Serialized files (Serialized files now loaded: 0)
Unloading 445 unused Assets / (1.3 MB). Loaded Objects now: 1060.
Memory consumption went from 93.9 MB to 92.6 MB.
Total: 10.806200 ms (FindLiveObjects: 0.130800 ms CreateObjectMapping: 0.029300 ms MarkObjects: 8.890500 ms  DeleteObjects: 1.753900 ms)

Starting: C:\Program Files\Unity\Hub\Editor\6000.3.9f1\Editor\Data\Tools\BuildPipeline\bee_backend.exe --ipc --defer-dag-verification --dagfile="Library/Bee/1900b0aESkipCompile.dag" --continue-on-failure --profile="Library/Bee/backend1.traceevents" ScriptAssembliesAndTypeDB
WorkingDir: C:/Users/Administrator/.openclaw/workspace/leaderboard-game
Total cache size 3797440
ExitCode: 0 Duration: 0s621ms
[2/3        0s] BuildPlayerDataGenerator Library/BuildPlayerData/Editor/TypeDb-All.json
*** Tundra build success (0.52 seconds), 1 items updated, 3 evaluated
Total cache size after purge 3797440, took 00:00:00.0279218
Asset Pipeline Refresh (id=e8b50ccc1c1829b4e95cf49f374ce5ff): Total: 0.018 seconds - Initiated by RefreshV2(NoUpdateAssetOptions)
[ScriptCompilation] Requested script compilation because: Recompiling scripts for player build.
BuildPlayer: start building target 19
Starting: C:\Program Files\Unity\Hub\Editor\6000.3.9f1\Editor\Data\Tools\BuildPipeline\bee_backend.exe --ipc --defer-dag-verification --dagfile="Library/Bee/1900b0aP.dag" --continue-on-failure --profile="Library/Bee/backend1.traceevents" ScriptAssembliesAndTypeDB
WorkingDir: C:/Users/Administrator/.openclaw/workspace/leaderboard-game
Total cache size 3797440
Total cache size after purge 3797440, took 00:00:00.0114568
Assets\Scripts\Setup\SceneBuilder.cs(62,17): warning CS0618: 'Object.FindObjectOfType<T>()' is obsolete: 'Object.FindObjectOfType has been deprecated. Use Object.FindFirstObjectByType instead or if finding any instance is acceptable the faster Object.FindAnyObjectByType'
Assets\Scripts\UI\LeaderboardEntryUI.cs(21,40): warning CS0414: The field 'LeaderboardEntryUI.slideSpeed' is assigned but its value is never used
Assets\Scripts\Leaderboard\RankChangeDetector.cs(19,21): warning CS0414: The field 'RankChangeDetector.lastScore' is assigned but its value is never used
Assets\Scripts\Leaderboard\LeaderboardManager.cs(16,38): warning CS0414: The field 'LeaderboardManager.maxVisibleEntries' is assigned but its value is never used
ExitCode: 0 Duration: 1s840ms
[113/126    0s] CopyFiles Library/Bee/PlayerScriptAssemblies/Unity.Multiplayer.Center.Common.dll
[114/126    0s] CopyFiles Library/Bee/PlayerScriptAssemblies/UnityEngine.UI.dll
[115/126    0s] CopyFiles Library/Bee/PlayerScriptAssemblies/Unity.TextMeshPro.dll
[116/126    0s] CopyFiles Library/Bee/PlayerScriptAssemblies/Unity.InternalAPIEngineBridge.004.dll
[117/126    0s] CopyFiles Library/Bee/PlayerScriptAssemblies/UnityEngine.UI.pdb
[118/126    0s] CopyFiles Library/Bee/PlayerScriptAssemblies/Unity.TextMeshPro.pdb
[119/126    0s] CopyFiles Library/Bee/PlayerScriptAssemblies/Unity.Multiplayer.Center.Common.pdb
[120/126    0s] CopyFiles Library/Bee/PlayerScriptAssemblies/Unity.InternalAPIEngineBridge.004.pdb
[121/126    0s] Csc Library/Bee/artifacts/1900b0aP.dag/Assembly-CSharp.dll (+2 others)
Assets\Scripts\Setup\SceneBuilder.cs(62,17): warning CS0618: 'Object.FindObjectOfType<T>()' is obsolete: 'Object.FindObjectOfType has been deprecated. Use Object.FindFirstObjectByType instead or if finding any instance is acceptable the faster Object.FindAnyObjectByType'

Assets\Scripts\UI\LeaderboardEntryUI.cs(21,40): warning CS0414: The field 'LeaderboardEntryUI.slideSpeed' is assigned but its value is never used

Assets\Scripts\Leaderboard\RankChangeDetector.cs(19,21): warning CS0414: The field 'RankChangeDetector.lastScore' is assigned but its value is never used

Assets\Scripts\Leaderboard\LeaderboardManager.cs(16,38): warning CS0414: The field 'LeaderboardManager.maxVisibleEntries' is assigned but its value is never used
[122/126    0s] CopyFiles Library/Bee/PlayerScriptAssemblies/Assembly-CSharp.pdb
[123/126    0s] CopyFiles Library/Bee/PlayerScriptAssemblies/Assembly-CSharp.dll
[125/126    0s] BuildPlayerDataGenerator Library/BuildPlayerData/Player/RuntimeInitializeOnLoads.json (+1 other)
*** Tundra build success (1.77 seconds), 12 items updated, 126 evaluated
Not rebuilding Data files -- no changes


Mono dependencies included in the build
Dependency assembly - System.Buffers.dll
Dependency assembly - I18N.West.dll
Dependency assembly - System.Resources.ResourceManager.dll
Dependency assembly - System.Runtime.InteropServices.RuntimeInformation.dll
Dependency assembly - Microsoft.Build.Tasks.v4.0.dll
Dependency assembly - System.Data.Linq.dll
Dependency assembly - System.Reactive.Debugger.dll
Dependency assembly - System.Reactive.Observable.Aliases.dll
Dependency assembly - System.Deployment.dll
Dependency assembly - System.Messaging.dll
Dependency assembly - Unity.InternalAPIEngineBridge.004.dll
Dependency assembly - System.Net.Cache.dll
Dependency assembly - System.Security.Cryptography.Encryption.ECDsa.dll
Dependency assembly - System.Security.Principal.Windows.dll
Dependency assembly - System.Xml.XPath.dll
Dependency assembly - I18N.Rare.dll
Dependency assembly - System.Web.WebPages.Razor.dll
Dependency assembly - System.Web.Routing.dll
Dependency assembly - System.Diagnostics.StackTrace.dll
Dependency assembly - System.dll
Dependency assembly - System.Net.Http.dll
Dependency assembly - System.Net.WebSockets.Client.dll
Dependency assembly - System.Runtime.Serialization.Primitives.dll
Dependency assembly - System.AppContext.dll
Dependency assembly - System.Globalization.dll
Dependency assembly - System.Runtime.Serialization.dll
Dependency assembly - System.Net.Sockets.dll
Dependency assembly - System.Runtime.Serialization.Formatters.Soap.dll
Dependency assembly - System.ServiceModel.Security.dll
Dependency assembly - mscorlib.dll
Dependency assembly - System.Reactive.Windows.Forms.dll
Dependency assembly - System.ServiceModel.Activation.dll
Dependency assembly - Mono.Simd.dll
Dependency assembly - System.Threading.Thread.dll
Dependency assembly - System.Threading.Tasks.Dataflow.dll
Dependency assembly - System.Net.Http.WebRequest.dll
Dependency assembly - System.Net.WebSockets.dll
Dependency assembly - System.Linq.dll
Dependency assembly - System.IO.Pipes.dll
Dependency assembly - System.Net.Mail.dll
Dependency assembly - System.Runtime.InteropServices.WindowsRuntime.dll
Dependency assembly - System.Linq.Parallel.dll
Dependency assembly - System.Security.Cryptography.Encryption.Aes.dll
Dependency assembly - System.Security.Claims.dll
Dependency assembly - System.Security.Cryptography.Algorithms.dll
Dependency assembly - Microsoft.Build.Engine.dll
Dependency assembly - System.Web.dll
Dependency assembly - I18N.CJK.dll
Dependency assembly - System.Drawing.Design.dll
Dependency assembly - System.Windows.Forms.DataVisualization.dll
Dependency assembly - System.Security.SecureString.dll
Dependency assembly - System.Reflection.Emit.dll
Dependency assembly - I18N.MidEast.dll
Dependency assembly - System.Threading.Overlapped.dll
Dependency assembly - System.Security.Cryptography.Pkcs.dll
Dependency assembly - System.Windows.dll
Dependency assembly - System.ComponentModel.DataAnnotations.dll
Dependency assembly - System.Web.Extensions.dll
Dependency assembly - Assembly-CSharp.dll
Dependency assembly - System.Runtime.DurableInstancing.dll
Dependency assembly - System.Web.Http.SelfHost.dll
Dependency assembly - System.Xml.XDocument.dll
Dependency assembly - System.Console.dll
Dependency assembly - System.Windows.Forms.dll
Dependency assembly - System.Runtime.Numerics.dll
Dependency assembly - System.Xml.dll
Dependency assembly - System.Xml.XPath.XmlDocument.dll
Dependency assembly - System.Reactive.Interfaces.dll
Dependency assembly - System.Runtime.Serialization.Formatters.dll
Dependency assembly - System.Security.Cryptography.ProtectedData.dll
Dependency assembly - System.Xml.XmlSerializer.dll
Dependency assembly - Microsoft.Win32.Registry.AccessControl.dll
Dependency assembly - System.ServiceProcess.dll
Dependency assembly - System.Text.RegularExpressions.dll
Dependency assembly - System.Xml.Serialization.dll
Dependency assembly - System.Collections.Concurrent.dll
Dependency assembly - System.Security.Cryptography.X509Certificates.dll
Dependency assembly - System.ComponentModel.Annotations.dll
Dependency assembly - Mono.Profiler.Log.dll
Dependency assembly - System.Data.Common.dll
Dependency assembly - System.ComponentModel.Composition.dll
Dependency assembly - System.Diagnostics.TraceEvent.dll
Dependency assembly - System.Net.Security.dll
Dependency assembly - System.Reflection.dll
Dependency assembly - ICSharpCode.SharpZipLib.dll
Dependency assembly - System.Security.Principal.dll
Dependency assembly - System.Net.NetworkInformation.dll
Dependency assembly - System.Globalization.Calendars.dll
Dependency assembly - System.Security.Cryptography.Encryption.ECDiffieHellman.dll
Dependency assembly - System.Net.AuthenticationManager.dll
Dependency assembly - SystemWebTestShim.dll
Dependency assembly - Mono.Messaging.RabbitMQ.dll
Dependency assembly - System.Drawing.dll
Dependency assembly - System.Numerics.Vectors.dll
Dependency assembly - System.Net.Ping.dll
Dependency assembly - System.Configuration.dll
Dependency assembly - System.Runtime.dll
Dependency assembly - System.Transactions.dll
Dependency assembly - System.ComponentModel.dll
Dependency assembly - System.Runtime.Serialization.Json.dll
Dependency assembly - Mono.XBuild.Tasks.dll
Dependency assembly - System.IdentityModel.Selectors.dll
Dependency assembly - System.Diagnostics.Debug.dll
Dependency assembly - System.Security.Cryptography.Cng.dll
Dependency assembly - System.Diagnostics.FileVersionInfo.dll
Dependency assembly - System.IO.FileSystem.Primitives.dll
Dependency assembly - System.Security.Cryptography.OpenSsl.dll
Dependency assembly - Microsoft.CSharp.dll
Dependency assembly - Mono.C5.dll
Dependency assembly - System.IO.FileSystem.Watcher.dll
Dependency assembly - System.Text.Encoding.CodePages.dll
Dependency assembly - System.Xml.Xsl.Primitives.dll
Dependency assembly - Novell.Directory.Ldap.dll
Dependency assembly - System.Diagnostics.Tracing.dll
Dependency assembly - System.Reflection.Primitives.dll
Dependency assembly - Mono.Security.dll
Dependency assembly - System.DirectoryServices.Protocols.dll
Dependency assembly - Mono.Security.Win32.dll
Dependency assembly - System.ComponentModel.Primitives.dll
Dependency assembly - RabbitMQ.Client.dll
Dependency assembly - Microsoft.VisualC.dll
Dependency assembly - System.Text.Encoding.Extensions.dll
Dependency assembly - System.Text.Encoding.dll
Dependency assembly - System.Web.DynamicData.dll
Dependency assembly - System.Threading.Tasks.Parallel.dll
Dependency assembly - Microsoft.Build.Framework.dll
Dependency assembly - System.Security.Cryptography.Encryption.dll
Dependency assembly - System.Net.Http.Rtc.dll
Dependency assembly - System.Threading.Tasks.Extensions.dll
Dependency assembly - System.EnterpriseServices.dll
Dependency assembly - System.Runtime.Handles.dll
Dependency assembly - SMDiagnostics.dll
Dependency assembly - System.Json.dll
Dependency assembly - System.Reactive.Experimental.dll
Dependency assembly - System.Workflow.Runtime.dll
Dependency assembly - System.Reactive.Linq.dll
Dependency assembly - System.Web.Http.dll
Dependency assembly - System.Collections.NonGeneric.dll
Dependency assembly - PEAPI.dll
Dependency assembly - System.Collections.Specialized.dll
Dependency assembly - System.Configuration.Install.dll
Dependency assembly - Commons.Xml.Relaxng.dll
Dependency assembly - Microsoft.Web.Infrastructure.dll
Dependency assembly - System.IO.UnmanagedMemoryStream.dll
Dependency assembly - System.ServiceModel.Duplex.dll
Dependency assembly - System.Net.Primitives.dll
Dependency assembly - I18N.Other.dll
Dependency assembly - Microsoft.Build.Utilities.v4.0.dll
Dependency assembly - System.Reflection.Emit.Lightweight.dll
Dependency assembly - System.Security.Cryptography.DeriveBytes.dll
Dependency assembly - Microsoft.Build.dll
Dependency assembly - System.Data.DataSetExtensions.dll
Dependency assembly - cscompmgd.dll
Dependency assembly - System.Diagnostics.Process.dll
Dependency assembly - System.Reactive.Core.dll
Dependency assembly - System.Xaml.dll
Dependency assembly - System.Dynamic.Runtime.dll
Dependency assembly - System.ServiceProcess.ServiceController.dll
Dependency assembly - System.Web.Extensions.Design.dll
Dependency assembly - System.IO.MemoryMappedFiles.dll
Dependency assembly - System.Data.OracleClient.dll
Dependency assembly - System.Diagnostics.Contracts.dll
Dependency assembly - Mono.CompilerServices.SymbolWriter.dll
Dependency assembly - System.Security.Cryptography.RandomNumberGenerator.dll
Dependency assembly - Unity.Multiplayer.Center.Common.dll
Dependency assembly - System.Web.Services.dll
Dependency assembly - System.Net.dll
Dependency assembly - System.ServiceModel.Http.dll
Dependency assembly - System.Resources.ReaderWriter.dll
Dependency assembly - System.IdentityModel.dll
Dependency assembly - System.IO.Compression.ZipFile.dll
Dependency assembly - System.Threading.Timer.dll
Dependency assembly - Microsoft.Win32.Registry.dll
Dependency assembly - System.Web.Http.WebHost.dll
Dependency assembly - System.Net.HttpListener.dll
Dependency assembly - Microsoft.Win32.Primitives.dll
Dependency assembly - System.ValueTuple.dll
Dependency assembly - System.Reactive.Runtime.Remoting.dll
Dependency assembly - UnityEngine.UI.dll
Dependency assembly - System.Drawing.Primitives.dll
Dependency assembly - Mono.CSharp.dll
Dependency assembly - System.ServiceModel.NetTcp.dll
Dependency assembly - System.Management.dll
Dependency assembly - System.Core.dll
Dependency assembly - System.Workflow.Activities.dll
Dependency assembly - System.Web.WebPages.dll
Dependency assembly - System.IO.IsolatedStorage.dll
Dependency assembly - System.DirectoryServices.dll
Dependency assembly - System.Numerics.dll
Dependency assembly - System.Threading.AccessControl.dll
Dependency assembly - System.Diagnostics.TextWriterTraceListener.dll
Dependency assembly - System.ServiceModel.Internals.dll
Dependency assembly - netstandard.dll
Dependency assembly - System.Json.Microsoft.dll
Dependency assembly - CustomMarshalers.dll
Dependency assembly - System.Data.SqlClient.dll
Dependency assembly - System.ServiceModel.dll
Dependency assembly - System.Security.Cryptography.Hashing.Algorithms.dll
Dependency assembly - System.Resources.Writer.dll
Dependency assembly - System.Runtime.Serialization.Xml.dll
Dependency assembly - System.Security.Cryptography.Csp.dll
Dependency assembly - System.IO.FileSystem.DriveInfo.dll
Dependency assembly - System.Diagnostics.Tools.dll
Dependency assembly - System.Security.AccessControl.dll
Dependency assembly - System.Web.Mvc.dll
Dependency assembly - System.Xml.Linq.dll
Dependency assembly - System.Linq.Expressions.dll
Dependency assembly - System.Diagnostics.TraceSource.dll
Dependency assembly - Unity.TextMeshPro.dll
Dependency assembly - System.Reflection.TypeExtensions.dll
Dependency assembly - System.Memory.dll
Dependency assembly - System.ComponentModel.TypeConverter.dll
Dependency assembly - System.Globalization.Extensions.dll
Dependency assembly - System.Reflection.Extensions.dll
Dependency assembly - System.IO.dll
Dependency assembly - Mono.Tasklets.dll
Dependency assembly - System.Data.Services.Client.dll
Dependency assembly - System.Reflection.Context.dll
Dependency assembly - System.Net.NameResolution.dll
Dependency assembly - System.Security.dll
Dependency assembly - System.ServiceModel.Discovery.dll
Dependency assembly - System.Web.Abstractions.dll
Dependency assembly - Mono.Btls.Interface.dll
Dependency assembly - System.Runtime.Remoting.dll
Dependency assembly - System.IO.Compression.dll
Dependency assembly - System.Net.Requests.dll
Dependency assembly - System.Data.dll
Dependency assembly - System.Runtime.CompilerServices.VisualC.dll
Dependency assembly - System.Security.Cryptography.RSA.dll
Dependency assembly - System.Web.WebPages.Deployment.dll
Dependency assembly - monodoc.dll
Dependency assembly - System.Data.Entity.dll
Dependency assembly - System.ServiceModel.Web.dll
Dependency assembly - System.Security.Cryptography.Primitives.dll
Dependency assembly - System.Xml.XPath.XDocument.dll
Dependency assembly - I18N.dll
Dependency assembly - Mono.Management.dll
Dependency assembly - System.Web.Mobile.dll
Dependency assembly - Mono.Messaging.dll
Dependency assembly - System.Xml.ReaderWriter.dll
Dependency assembly - System.Xml.XmlDocument.dll
Dependency assembly - System.Data.Services.dll
Dependency assembly - Mono.Cairo.dll
Dependency assembly - WebMatrix.Data.dll
Dependency assembly - System.Net.WebHeaderCollection.dll
Dependency assembly - Accessibility.dll
Dependency assembly - Mono.Data.Tds.dll
Dependency assembly - WindowsBase.dll
Dependency assembly - System.Reflection.Emit.ILGeneration.dll
Dependency assembly - System.Runtime.Extensions.dll
Dependency assembly - System.ComponentModel.EventBasedAsync.dll
Dependency assembly - System.Threading.ThreadPool.dll
Dependency assembly - System.Runtime.Caching.dll
Dependency assembly - Mono.Parallel.dll
Dependency assembly - System.Web.RegularExpressions.dll
Dependency assembly - System.Reflection.DispatchProxy.dll
Dependency assembly - System.Reactive.Providers.dll
Dependency assembly - System.Security.Cryptography.Hashing.dll
Dependency assembly - System.Resources.Reader.dll
Dependency assembly - Mono.Data.Sqlite.dll
Dependency assembly - System.Net.Utilities.dll
Dependency assembly - System.IO.FileSystem.AccessControl.dll
Dependency assembly - System.Net.ServicePoint.dll
Dependency assembly - System.Dynamic.dll
Dependency assembly - System.Threading.dll
Dependency assembly - System.ObjectModel.dll
Dependency assembly - System.Security.Cryptography.Encoding.dll
Dependency assembly - System.Net.Http.Formatting.dll
Dependency assembly - System.Reactive.Windows.Threading.dll
Dependency assembly - Mono.Posix.dll
Dependency assembly - Mono.WebBrowser.dll
Dependency assembly - System.Web.Razor.dll
Dependency assembly - System.Collections.dll
Dependency assembly - System.Threading.Tasks.dll
Dependency assembly - Mono.Http.dll
Dependency assembly - System.Linq.Queryable.dll
Dependency assembly - System.Design.dll
Dependency assembly - System.IO.Compression.FileSystem.dll
Dependency assembly - System.Web.ApplicationServices.dll
Dependency assembly - IBM.Data.DB2.dll
Dependency assembly - System.ServiceModel.Primitives.dll
Dependency assembly - System.ServiceModel.Routing.dll
Dependency assembly - System.IO.FileSystem.dll
Dependency assembly - Mono.Options.dll
Dependency assembly - System.Runtime.InteropServices.dll
Dependency assembly - System.Runtime.Loader.dll
Dependency assembly - System.Workflow.ComponentModel.dll
Dependency assembly - System.Reactive.PlatformServices.dll

Asset Pipeline Refresh (id=4a727ef7fccf3f144b9d4fd8e115f277): Total: 0.113 seconds - Initiated by RefreshV2(NoUpdateAssetOptions)
Starting: C:\Program Files\Unity\Hub\Editor\6000.3.9f1\Editor\Data\Tools\BuildPipeline\bee_backend.exe --ipc --dagfile="Library/Bee/Player2eb718e6.dag" --profile="Library/Bee/backend1.traceevents" Player
WorkingDir: C:/Users/Administrator/.openclaw/workspace/leaderboard-game
DisplayProgressbar: Incremental Player Build
Starting: C:\Program Files\Unity\Hub\Editor\6000.3.9f1\Editor\Data\netcorerun\netcorerun.exe "C:\Program Files\Unity\Hub\Editor\6000.3.9f1\Editor\Data\PlaybackEngines\WindowsStandaloneSupport\WinPlayerBuildProgram.exe" "C:/Program Files/Unity/Hub/Editor/6000.3.9f1/Editor/Data/PlaybackEngines/WindowsStandaloneSupport/Bee;C:/Program Files/Unity/Hub/Editor/6000.3.9f1/Editor/Data/Tools/BuildPipeline" "Library/Bee/Player2eb718e6.dag.json" "Library/Bee/Player2eb718e6-inputdata.json" "Library\Bee\buildprogram0.traceevents"
WorkingDir: C:/Users/Administrator/.openclaw/workspace/leaderboard-game
ExitCode: 4 Duration: 4s792ms
ExitCode: 0 Duration: 0s556ms
Starting: C:\Program Files\Unity\Hub\Editor\6000.3.9f1\Editor\Data\Tools\BuildPipeline\bee_backend.exe --ipc --dagfile="Library/Bee/Player2eb718e6.dag" --dagfilejson="Library\Bee\Player2eb718e6.dag.json" --profile="Library/Bee/backend2.traceevents" Player
WorkingDir: C:/Users/Administrator/.openclaw/workspace/leaderboard-game
Total cache size 3797440
Total cache size after purge 3797440, took 00:00:00.0118051
ExitCode: 0 Duration: 0s199ms
Refreshing native plugins compatible for Editor in 0.00 ms, found 0 plugins.
Preloading 0 native plugins for Editor in 0.00 ms.

-------------------------------------------------------------------------------
Build Report
Information on used Assets is not available, since player data was not rebuilt.
Do a clean build to view the Asset build report information.
-------------------------------------------------------------------------------
Unloading 2 Unused Serialized files (Serialized files now loaded: 0)
Unloading 23 unused Assets / (0.7 MB). Loaded Objects now: 1112.
Memory consumption went from 97.9 MB to 97.2 MB.
Total: 9.893700 ms (FindLiveObjects: 0.096800 ms CreateObjectMapping: 0.037400 ms MarkObjects: 9.236200 ms  DeleteObjects: 0.522300 ms)

DisplayProgressNotification: Build Successful
Build Finished, Result: Success.
##utp:{"type":"PlayerBuildInfo","version":2,"phase":"Immediate","time":1771952608914,"processId":10716,"steps":[{"description":"Preprocess Player","duration":97},{"description":"Prepare For Build","duration":23},{"description":"ProducePlayerScriptAssemblies","duration":2805},{"description":"Verify Build setup","duration":94},{"description":"Prepare assets for target platform","duration":10},{"description":"Prepare splash screen","duration":11},{"description":"Run script only build","duration":198},{"description":"Postprocess built player","duration":6124}],"duration":9362}
Unloading 0 Unused Serialized files (Serialized files now loaded: 0)
Loaded scene 'Temp/__Backupscenes/0.backup'
	Deserialize:            2.218 ms
	Integration:            79.731 ms
	Integration of assets:  0.002 ms
	Thread Wait Time:       0.014 ms
	Total Operation Time:   81.965 ms
Unloading 0 unused Assets / (0 B). Loaded Objects now: 1112.
Memory consumption went from 97.1 MB to 97.1 MB.
Total: 13.888100 ms (FindLiveObjects: 0.116400 ms CreateObjectMapping: 0.021000 ms MarkObjects: 13.741000 ms  DeleteObjects: 0.008300 ms)

Build result: Succeeded
UnityEngine.Debug:ExtractStackTraceNoAlloc (byte*,int,string)
UnityEngine.StackTraceUtility:ExtractStackTrace ()
UnityEngine.DebugLogHandler:Internal_Log (UnityEngine.LogType,UnityEngine.LogOption,string,UnityEngine.Object)
UnityEngine.DebugLogHandler:LogFormat (UnityEngine.LogType,UnityEngine.Object,string,object[])
UnityEngine.Logger:Log (UnityEngine.LogType,object)
UnityEngine.Debug:Log (object)
BuildGame:Build () (at Assets/Editor/BuildGame.cs:18)

(Filename: Assets/Editor/BuildGame.cs Line: 18)

Batchmode quit successfully invoked - shutting down!
[Physics::Module] Cleanup current backend.
[Physics::Module] Id: 0xf2b8ea05
Input System module state changed to: ShutdownInProgress.
Input System polling thread exited.
Input System module state changed to: Shutdown.
[Licensing::IpcConnector] LicenseClient-Administrator-notifications channel disconnected successfully.
[Licensing::IpcConnector] LicenseClient-Administrator channel disconnected successfully.
AcceleratorClientConnectionCallback - disconnected - :0
Cleanup mono
Exiting batchmode successfully now!
Exiting without the bug reporter. Application will terminate with return code 0