[Licensing::Module] Trying to connect to existing licensing client channel...
Built from '6000.3/staging' branch; Version is '6000.3.9f1 (7a9955a4f2fa) revision 8034645'; Using compiler version '194234433'; Build Type 'Release'
[Licensing::IpcConnector] Successfully connected to: "LicenseClient-Administrator" at "2026-02-25T15:29:56.5148955Z"
OS: 'Windows 11  (10.0.26100) ServerDatacenter' Language: 'en' Physical Memory: 16176 MB
BatchMode: 1, IsHumanControllingUs: 0, StartBugReporterOnCrash: 0, Is64bit: 1
System  architecture: x64
Process architecture: x64
Date: 2026-02-25T15:29:56Z

COMMAND LINE ARGUMENTS:
C:\Program Files\Unity\Hub\Editor\6000.3.9f1\Editor\Unity.exe
-batchmode
-nographics
-quit
-projectPath
.
-logFile
unity-audio-build.log
-buildTarget
WebGL
-executeMethod
UnityEditor.BuildPlayerWindow.BuildPlayerAndRun
Successfully changed project path to: C:/Users/Administrator/.openclaw/workspace/leaderboard-game
C:/Users/Administrator/.openclaw/workspace/leaderboard-game
[UnityMemory] Configuration Parameters - Can be set up in boot.config
    "memorysetup-temp-allocator-size-nav-mesh-worker=65536"
    "memorysetup-temp-allocator-size-audio-worker=65536"
    "memorysetup-temp-allocator-size-gfx=262144"
    "memorysetup-allocator-temp-initial-block-size-main=262144"
    "memorysetup-allocator-temp-initial-block-size-worker=262144"
    "memorysetup-temp-allocator-size-background-worker=32768"
    "memorysetup-temp-allocator-size-job-worker=262144"
    "memorysetup-temp-allocator-size-preload-manager=33554432"
    "memorysetup-temp-allocator-size-gi-baking-worker=262144"
    "memorysetup-temp-allocator-size-gi-baking-worker=262144"
    "memorysetup-temp-allocator-size-gi-baking-worker=262144"
    "memorysetup-temp-allocator-size-gi-baking-worker=262144"
    "memorysetup-temp-allocator-size-gi-baking-worker=262144"
    "memorysetup-bucket-allocator-granularity=16"
    "memorysetup-bucket-allocator-bucket-count=8"
    "memorysetup-bucket-allocator-block-size=33554432"
    "memorysetup-bucket-allocator-block-count=8"
    "memorysetup-main-allocator-block-size=16777216"
    "memorysetup-thread-allocator-block-size=16777216"
    "memorysetup-gfx-main-allocator-block-size=16777216"
    "memorysetup-gfx-thread-allocator-block-size=16777216"
    "memorysetup-cache-allocator-block-size=4194304"
    "memorysetup-typetree-allocator-block-size=2097152"
    "memorysetup-profiler-bucket-allocator-granularity=16"
    "memorysetup-profiler-bucket-allocator-bucket-count=8"
    "memorysetup-profiler-bucket-allocator-block-size=33554432"
    "memorysetup-profiler-bucket-allocator-block-count=8"
    "memorysetup-profiler-allocator-block-size=16777216"
    "memorysetup-profiler-editor-allocator-block-size=1048576"
    "memorysetup-temp-allocator-size-main=16777216"
    "memorysetup-job-temp-allocator-block-size=2097152"
    "memorysetup-job-temp-allocator-block-size-background=1048576"
    "memorysetup-job-temp-allocator-reduction-small-platforms=262144"
    "memorysetup-temp-allocator-size-cloud-worker=32768"
Player connection [5128]  Target information:

Player connection [5128]  * "[IP] 172.31.20.54 [Port] 55504 [Flags] 2 [Guid] 71256376 [EditorId] 71256376 [Version] 1048832 [Id] WindowsEditor(7,EC2AMAZ-AVFMNU9) [Debug] 1 [PackageName] WindowsEditor [ProjectName] Editor" 

Player connection [5128] Host joined multi-casting on [225.0.0.222:54997]...
Player connection [5128] Host joined alternative multi-casting on [225.0.0.222:34997]...
Input System module state changed to: Initialized.
[Physics::Module] Initialized fallback backend.
[Physics::Module] Id: 0xdecafbad
[Licensing::Client] Handshaking with LicensingClient:
  Version:                 1.17.4+4293ba1
  Session Id:              5d1ff171952345428a3527757317e5b7
  Correlation Id:          801e8730218ca2cccb13ef3cd4f0381c
  External correlation Id: 343550766223561373
  Machine Id:              LLp/YPy+TKfzpGYM73xtlWcXomg=
[Licensing::Module] Successfully connected to LicensingClient on channel: "LicenseClient-Administrator" (connect: 0.00s, validation: 0.00s, handshake: 2.46s)
[Licensing::IpcConnector] Successfully connected to: "LicenseClient-Administrator-notifications" at "2026-02-25T15:29:58.9805028Z"
[Licensing::Module] Error: Access token is unavailable; failed to update
[Licensing::Client] Successfully resolved entitlement details
[Licensing::Module] License group:
  Id: 18968382090983-UnityPersXXXX
  Product: Unity Personal
  Type: Assigned
  Expiration: Unlimited
[Licensing::Client] Successfully updated license, isAsync: True, time: 0.00
[Licensing::Client] Successfully resolved entitlement details
[Licensing::Module] Licensing Background thread has ended after 2.50s
[Package Manager] Connected to IPC stream "Upm-25504" after 2.2 seconds.
[Licensing::Client] Successfully resolved entitlement details
Library Redirect Path: Library/
FMOD initialized on nosound output
[Physics::Module] Selected backend.
[Physics::Module] Name: PhysX
[Physics::Module] Id: 0xf2b8ea05
[Physics::Module] SDK Version: 4.1.2
[Physics::Module] Integration Version: 1.0.0
[Physics::Module] Threading Mode: Multi-Threaded
Targeting platform: WebGL
Refreshing native plugins compatible for Editor in 0.89 ms, found 0 plugins.
Preloading 0 native plugins for Editor in 0.00 ms.
Initialize engine version: 6000.3.9f1 (7a9955a4f2fa)
[Subsystems] Discovering subsystems at path C:/Program Files/Unity/Hub/Editor/6000.3.9f1/Editor/Data/Resources/UnitySubsystems
[Subsystems] Discovering subsystems at path C:/Users/Administrator/.openclaw/workspace/leaderboard-game/Assets
Forcing GfxDevice: Null
GfxDevice: creating device client; kGfxThreadingModeNonThreaded
NullGfxDevice:
    Version:  NULL 1.0 [1.0]
    Renderer: Null Device
    Vendor:   Unity Technologies
Initialize mono
Mono path[0] = 'C:/Program Files/Unity/Hub/Editor/6000.3.9f1/Editor/Data/Managed'
Mono path[1] = 'C:/Program Files/Unity/Hub/Editor/6000.3.9f1/Editor/Data/MonoBleedingEdge/lib/mono/unityjit-win32'
Mono config path = 'C:/Program Files/Unity/Hub/Editor/6000.3.9f1/Editor/Data/MonoBleedingEdge/etc'
Using monoOptions --debugger-agent=transport=dt_socket,embedding=1,server=y,suspend=n,address=127.0.0.1:56504
Using cacheserver namespaces - metadata:defaultmetadata, artifacts:defaultartifacts
Using cacheserver namespaces - metadata:defaultmetadata, artifacts:defaultartifacts
ImportWorker Server TCP listen port: 0
AcceleratorClientConnectionCallback - disconnected - :0
Begin MonoManager ReloadAssembly
Registering precompiled unity dll's ...
Register platform support module: C:/Program Files/Unity/Hub/Editor/6000.3.9f1/Editor/Data/PlaybackEngines/WebGLSupport/UnityEditor.WebGL.Extensions.dll
Register platform support module: C:/Program Files/Unity/Hub/Editor/6000.3.9f1/Editor/Data/PlaybackEngines/WindowsStandaloneSupport/UnityEditor.WindowsStandalone.Extensions.dll
Registered in 0.563850 seconds.
- Loaded All Assemblies, in 39.403 seconds
Native extension for WindowsStandalone target not found
Native extension for WebGL target not found
ScheduleIndexationOnStartup MainProcess:False IndexOnStartup:True
Mono: successfully reloaded assembly
- Finished resetting the current domain, in  0.860 seconds
Domain Reload Profiling: 40261ms
	BeginReloadAssembly (35152ms)
		ExecutionOrderSort (0ms)
		DisableScriptedObjects (0ms)
		BackupInstance (0ms)
		ReleaseScriptingObjects (0ms)
		CreateAndSetChildDomain (15ms)
	RebuildCommonClasses (934ms)
	RebuildNativeTypeToScriptingClass (24ms)
	initialDomainReloadingComplete (664ms)
	LoadAllAssembliesAndSetupDomain (2626ms)
		LoadAssemblies (35133ms)
		RebuildTransferFunctionScriptingTraits (0ms)
		AnalyzeDomain (2608ms)
			TypeCache.Refresh (2604ms)
				TypeCache.ScanAssembly (2114ms)
			BuildScriptInfoCaches (1ms)
			ResolveRequiredComponents (1ms)
	FinalizeReload (861ms)
		ReleaseScriptCaches (0ms)
		RebuildScriptCaches (0ms)
		SetupLoadedEditorAssemblies (792ms)
			LogAssemblyErrors (0ms)
			InitializePlatformSupportModulesInManaged (91ms)
			SetLoadedEditorAssemblies (6ms)
			BeforeProcessingInitializeOnLoad (153ms)
			ProcessInitializeOnLoadAttributes (329ms)
			ProcessInitializeOnLoadMethodAttributes (211ms)
			AfterProcessingInitializeOnLoad (0ms)
			EditorAssembliesLoaded (1ms)
		ExecutionOrderSort2 (0ms)
		AwakeInstancesAfterBackupRestoration (0ms)
[Licensing::Client] Successfully resolved entitlement details
Application.AssetDatabase Initial Refresh Start
Package Manager log level set to [2]
[Package Manager] Restoring resolved packages state from cache
[Licensing::Client] Successfully resolved entitlement details
[Package Manager] Registered 40 packages:
  Built-in packages:
    com.unity.textmeshpro@5.0.0 (location: C:\Users\Administrator\.openclaw\workspace\leaderboard-game\Library\PackageCache\com.unity.textmeshpro@53f43edfd2e0)
    com.unity.ugui@2.0.0 (location: C:\Users\Administrator\.openclaw\workspace\leaderboard-game\Library\PackageCache\com.unity.ugui@bb329a87fcdc)
    com.unity.multiplayer.center@1.0.1 (location: C:\Users\Administrator\.openclaw\workspace\leaderboard-game\Library\PackageCache\com.unity.multiplayer.center@f01f4ba8d00a)
    com.unity.modules.accessibility@1.0.0 (location: C:\Users\Administrator\.openclaw\workspace\leaderboard-game\Library\PackageCache\com.unity.modules.accessibility)
    com.unity.modules.adaptiveperformance@1.0.0 (location: C:\Users\Administrator\.openclaw\workspace\leaderboard-game\Library\PackageCache\com.unity.modules.adaptiveperformance)
    com.unity.modules.ai@1.0.0 (location: C:\Users\Administrator\.openclaw\workspace\leaderboard-game\Library\PackageCache\com.unity.modules.ai)
    com.unity.modules.androidjni@1.0.0 (location: C:\Users\Administrator\.openclaw\workspace\leaderboard-game\Library\PackageCache\com.unity.modules.androidjni)
    com.unity.modules.animation@1.0.0 (location: C:\Users\Administrator\.openclaw\workspace\leaderboard-game\Library\PackageCache\com.unity.modules.animation)
    com.unity.modules.assetbundle@1.0.0 (location: C:\Users\Administrator\.openclaw\workspace\leaderboard-game\Library\PackageCache\com.unity.modules.assetbundle)
    com.unity.modules.audio@1.0.0 (location: C:\Users\Administrator\.openclaw\workspace\leaderboard-game\Library\PackageCache\com.unity.modules.audio)
    com.unity.modules.cloth@1.0.0 (location: C:\Users\Administrator\.openclaw\workspace\leaderboard-game\Library\PackageCache\com.unity.modules.cloth)
    com.unity.modules.director@1.0.0 (location: C:\Users\Administrator\.openclaw\workspace\leaderboard-game\Library\PackageCache\com.unity.modules.director)
    com.unity.modules.imageconversion@1.0.0 (location: C:\Users\Administrator\.openclaw\workspace\leaderboard-game\Library\PackageCache\com.unity.modules.imageconversion)
    com.unity.modules.imgui@1.0.0 (location: C:\Users\Administrator\.openclaw\workspace\leaderboard-game\Library\PackageCache\com.unity.modules.imgui)
    com.unity.modules.jsonserialize@1.0.0 (location: C:\Users\Administrator\.openclaw\workspace\leaderboard-game\Library\PackageCache\com.unity.modules.jsonserialize)
    com.unity.modules.particlesystem@1.0.0 (location: C:\Users\Administrator\.openclaw\workspace\leaderboard-game\Library\PackageCache\com.unity.modules.particlesystem)
    com.unity.modules.physics@1.0.0 (location: C:\Users\Administrator\.openclaw\workspace\leaderboard-game\Library\PackageCache\com.unity.modules.physics)
    com.unity.modules.physics2d@1.0.0 (location: C:\Users\Administrator\.openclaw\workspace\leaderboard-game\Library\PackageCache\com.unity.modules.physics2d)
    com.unity.modules.screencapture@1.0.0 (location: C:\Users\Administrator\.openclaw\workspace\leaderboard-game\Library\PackageCache\com.unity.modules.screencapture)
    com.unity.modules.terrain@1.0.0 (location: C:\Users\Administrator\.openclaw\workspace\leaderboard-game\Library\PackageCache\com.unity.modules.terrain)
    com.unity.modules.terrainphysics@1.0.0 (location: C:\Users\Administrator\.openclaw\workspace\leaderboard-game\Library\PackageCache\com.unity.modules.terrainphysics)
    com.unity.modules.tilemap@1.0.0 (location: C:\Users\Administrator\.openclaw\workspace\leaderboard-game\Library\PackageCache\com.unity.modules.tilemap)
    com.unity.modules.ui@1.0.0 (location: C:\Users\Administrator\.openclaw\workspace\leaderboard-game\Library\PackageCache\com.unity.modules.ui)
    com.unity.modules.uielements@1.0.0 (location: C:\Users\Administrator\.openclaw\workspace\leaderboard-game\Library\PackageCache\com.unity.modules.uielements)
    com.unity.modules.umbra@1.0.0 (location: C:\Users\Administrator\.openclaw\workspace\leaderboard-game\Library\PackageCache\com.unity.modules.umbra)
    com.unity.modules.unityanalytics@1.0.0 (location: C:\Users\Administrator\.openclaw\workspace\leaderboard-game\Library\PackageCache\com.unity.modules.unityanalytics)
    com.unity.modules.unitywebrequest@1.0.0 (location: C:\Users\Administrator\.openclaw\workspace\leaderboard-game\Library\PackageCache\com.unity.modules.unitywebrequest)
    com.unity.modules.unitywebrequestassetbundle@1.0.0 (location: C:\Users\Administrator\.openclaw\workspace\leaderboard-game\Library\PackageCache\com.unity.modules.unitywebrequestassetbundle)
    com.unity.modules.unitywebrequestaudio@1.0.0 (location: C:\Users\Administrator\.openclaw\workspace\leaderboard-game\Library\PackageCache\com.unity.modules.unitywebrequestaudio)
    com.unity.modules.unitywebrequesttexture@1.0.0 (location: C:\Users\Administrator\.openclaw\workspace\leaderboard-game\Library\PackageCache\com.unity.modules.unitywebrequesttexture)
    com.unity.modules.unitywebrequestwww@1.0.0 (location: C:\Users\Administrator\.openclaw\workspace\leaderboard-game\Library\PackageCache\com.unity.modules.unitywebrequestwww)
    com.unity.modules.vectorgraphics@1.0.0 (location: C:\Users\Administrator\.openclaw\workspace\leaderboard-game\Library\PackageCache\com.unity.modules.vectorgraphics)
    com.unity.modules.vehicles@1.0.0 (location: C:\Users\Administrator\.openclaw\workspace\leaderboard-game\Library\PackageCache\com.unity.modules.vehicles)
    com.unity.modules.video@1.0.0 (location: C:\Users\Administrator\.openclaw\workspace\leaderboard-game\Library\PackageCache\com.unity.modules.video)
    com.unity.modules.vr@1.0.0 (location: C:\Users\Administrator\.openclaw\workspace\leaderboard-game\Library\PackageCache\com.unity.modules.vr)
    com.unity.modules.wind@1.0.0 (location: C:\Users\Administrator\.openclaw\workspace\leaderboard-game\Library\PackageCache\com.unity.modules.wind)
    com.unity.modules.xr@1.0.0 (location: C:\Users\Administrator\.openclaw\workspace\leaderboard-game\Library\PackageCache\com.unity.modules.xr)
    com.unity.modules.subsystems@1.0.0 (location: C:\Users\Administrator\.openclaw\workspace\leaderboard-game\Library\PackageCache\com.unity.modules.subsystems)
    com.unity.modules.hierarchycore@1.0.0 (location: C:\Users\Administrator\.openclaw\workspace\leaderboard-game\Library\PackageCache\com.unity.modules.hierarchycore)
  Git packages:
    com.clockworklabs.spacetimedbsdk@https://github.com/clockworklabs/com.clockworklabs.spacetimedbsdk.git (location: C:\Users\Administrator\.openclaw\workspace\leaderboard-game\Library\PackageCache\com.clockworklabs.spacetimedbsdk@b57cab6922cf)
[Package Manager] com.unity.textmeshpro is deprecated: This package is no longer supported. TextMeshPro functionalities are now included in the com.unity.ugui package. To continue using them, consider adding it to your project dependencies.
[Subsystems] No new subsystems found in resolved package list.
[Package Manager] Done registering packages in 0.02 seconds
GUID [a1b2c3d4e5f6a7b8c9d0e1f2a3b4c5d6] for asset 'Assets/Scripts/Audio' conflicts with:
  'Assets/Scripts/Narrative/NarrativeSystem.cs' (current owner)
Assigning a new guid.
[ScriptCompilation] Requested script compilation because: InitialRefresh: Force Refresh Recompile flag enabled
[ScriptCompilation] Requested script compilation because: Assetdatabase observed changes in script compilation related files
info: Microsoft.Hosting.Lifetime[14]
      Now listening on: http://localhost:80
info: Microsoft.Hosting.Lifetime[0]
      Application started. Press Ctrl+C to shut down.
info: Microsoft.Hosting.Lifetime[0]
      Hosting environment: Production
info: Microsoft.Hosting.Lifetime[0]
      Content root path: C:\Users\Administrator\.openclaw\workspace\leaderboard-game\
info: Microsoft.AspNetCore.Hosting.Diagnostics[1]
      Request starting HTTP/2 POST http://ilpp/UnityILPP.PostProcessing/Ping application/grpc -
info: Microsoft.AspNetCore.Routing.EndpointMiddleware[0]
      Executing endpoint 'gRPC - /UnityILPP.PostProcessing/Ping'
info: Microsoft.AspNetCore.Routing.EndpointMiddleware[1]
      Executed endpoint 'gRPC - /UnityILPP.PostProcessing/Ping'
info: Microsoft.AspNetCore.Hosting.Diagnostics[2]
      Request finished HTTP/2 POST http://ilpp/UnityILPP.PostProcessing/Ping application/grpc - - 200 - application/grpc 112.4071ms
Starting: C:\Program Files\Unity\Hub\Editor\6000.3.9f1\Editor\Data\Tools\BuildPipeline\bee_backend.exe --ipc --defer-dag-verification --dagfile="Library/Bee/2000b0aE.dag" --continue-on-failure --profile="Library/Bee/backend1.traceevents" ScriptAssemblies
WorkingDir: C:/Users/Administrator/.openclaw/workspace/leaderboard-game
ExitCode: 4 Duration: 0s60ms
[             ] Require frontend run.  Library/Bee/2000b0aE.dag couldn't be loaded
DisplayProgressbar: Compiling Scripts
Starting: C:\Program Files\Unity\Hub\Editor\6000.3.9f1\Editor\Data\netcorerun\netcorerun.exe "C:\Program Files\Unity\Hub\Editor\6000.3.9f1\Editor\Data\Tools\BuildPipeline\ScriptCompilationBuildProgram.exe" "Library/Bee/2000b0aE.dag.json" "Library/Bee/2000b0aE-inputdata.json" "Library\Bee\buildprogram0.traceevents"
WorkingDir: C:/Users/Administrator/.openclaw/workspace/leaderboard-game
ExitCode: 0 Duration: 2s652ms
Starting: C:\Program Files\Unity\Hub\Editor\6000.3.9f1\Editor\Data\Tools\BuildPipeline\bee_backend.exe --ipc --defer-dag-verification --dagfile="Library/Bee/2000b0aE.dag" --continue-on-failure --dagfilejson="Library\Bee\2000b0aE.dag.json" --profile="Library/Bee/backend2.traceevents" ScriptAssemblies
WorkingDir: C:/Users/Administrator/.openclaw/workspace/leaderboard-game
ExitCode: 0 Duration: 19s
Finished compiling graph: 241 nodes, 2213 flattened edges (2077 ToBuild, 22 ToUse), maximum node priority 123
[ 48/238    0s] WriteText Library/Bee/artifacts/2000b0aE.dag/UnityEngine.UI.rsp2
[ 49/238    0s] WriteText Library/Bee/artifacts/2000b0aE.dag/UnityEngine.UI.UnityAdditionalFile.txt
[136/238    0s] WriteText Library/Bee/artifacts/2000b0aE.dag/UnityEngine.UI.dll.mvfrm.rsp
[137/238    0s] WriteText Library/Bee/artifacts/2000b0aE.dag/UnityEditor.UI.UnityAdditionalFile.txt
[139/238    0s] WriteText Library/Bee/artifacts/2000b0aE.dag/UnityEditor.UI.rsp2
[143/238    0s] WriteText Library/Bee/artifacts/2000b0aE.dag/UnityEngine.UI.rsp
[148/238    0s] WriteText Library/Bee/artifacts/2000b0aE.dag/UnityEditor.UI.dll.mvfrm.rsp
[149/238    0s] WriteText Library/Bee/artifacts/2000b0aE.dag/UnityEditor.UI.rsp
[150/238    0s] WriteText Library/Bee/artifacts/2000b0aE.dag/Unity.InternalAPIEngineBridge.004.UnityAdditionalFile.txt
[151/238    0s] WriteText Library/Bee/artifacts/2000b0aE.dag/Unity.InternalAPIEngineBridge.004.rsp2
[152/238    0s] WriteText Library/Bee/artifacts/2000b0aE.dag/Unity.InternalAPIEngineBridge.004.dll.mvfrm.rsp
[153/238    0s] WriteText Library/Bee/artifacts/2000b0aE.dag/Unity.TextMeshPro.rsp2
[154/238    0s] WriteText Library/Bee/artifacts/2000b0aE.dag/Unity.InternalAPIEngineBridge.004.rsp
[155/238    0s] WriteText Library/Bee/artifacts/2000b0aE.dag/Unity.TextMeshPro.UnityAdditionalFile.txt
[156/238    0s] WriteText Library/Bee/artifacts/2000b0aE.dag/Unity.Multiplayer.Center.Common.UnityAdditionalFile.txt
[157/238    0s] WriteText Library/Bee/artifacts/2000b0aE.dag/Unity.Multiplayer.Center.Common.rsp2
[158/238    0s] WriteText Library/Bee/artifacts/2000b0aE.dag/Unity.TextMeshPro.dll.mvfrm.rsp
[159/238    0s] WriteText Library/Bee/artifacts/2000b0aE.dag/Unity.Multiplayer.Center.Common.dll.mvfrm.rsp
[160/238    0s] WriteText Library/Bee/artifacts/2000b0aE.dag/Unity.TextMeshPro.rsp
[161/238    0s] WriteText Library/Bee/artifacts/2000b0aE.dag/Unity.Multiplayer.Center.Editor.rsp2
[162/238    0s] WriteText Library/Bee/artifacts/2000b0aE.dag/Unity.Multiplayer.Center.Common.rsp
[163/238    0s] WriteText Library/Bee/artifacts/2000b0aE.dag/Unity.TextMeshPro.Editor.rsp2
[164/238    0s] WriteText Library/Bee/artifacts/2000b0aE.dag/Unity.TextMeshPro.Editor.UnityAdditionalFile.txt
[165/238    0s] WriteText Library/Bee/artifacts/2000b0aE.dag/UnityEditor.UI.Analytics.UnityAdditionalFile.txt
[166/238    0s] WriteText Library/Bee/artifacts/2000b0aE.dag/Unity.Multiplayer.Center.Editor.UnityAdditionalFile.txt
[167/238    0s] WriteText Library/Bee/artifacts/2000b0aE.dag/UnityEditor.UI.Analytics.rsp2
[168/238    0s] WriteText Library/Bee/artifacts/2000b0aE.dag/Unity.Multiplayer.Center.Editor.dll.mvfrm.rsp
[169/238    0s] WriteText Library/Bee/artifacts/2000b0aE.dag/UnityEditor.UI.Analytics.dll.mvfrm.rsp
[170/238    0s] WriteText Library/Bee/artifacts/2000b0aE.dag/Unity.TextMeshPro.Editor.dll.mvfrm.rsp
[171/238    0s] WriteText Library/Bee/artifacts/2000b0aE.dag/Unity.TextMeshPro.Editor.rsp
[172/238    0s] WriteText Library/Bee/artifacts/2000b0aE.dag/Unity.Multiplayer.Center.Editor.rsp
[173/238    0s] WriteText Library/Bee/artifacts/2000b0aE.dag/com.clockworklabs.spacetimedbsdk.UnityAdditionalFile.txt
[174/238    0s] WriteText Library/Bee/artifacts/2000b0aE.dag/UnityEditor.UI.Analytics.rsp
[175/238    0s] WriteText Library/Bee/artifacts/2000b0aE.dag/com.clockworklabs.spacetimedbsdk.dll.mvfrm.rsp
[176/238    0s] WriteText Library/Bee/artifacts/2000b0aE.dag/com.clockworklabs.spacetimedbsdk.rsp2
[177/238    0s] WriteText Library/Bee/artifacts/2000b0aE.dag/com.clockworklabs.spacetimedbsdk.rsp
[178/238    0s] WriteText Library/Bee/artifacts/2000b0aE.dag/Assembly-CSharp.rsp2
[179/238    0s] WriteText Library/Bee/artifacts/2000b0aE.dag/Assembly-CSharp.UnityAdditionalFile.txt
[180/238    0s] WriteText Library/Bee/artifacts/2000b0aE.dag/Assembly-CSharp.dll.mvfrm.rsp
[181/238    0s] WriteText Library/Bee/artifacts/2000b0aE.dag/Assembly-CSharp.rsp
[182/238    0s] WriteText Library/Bee/artifacts/2000b0aE.dag/Assembly-CSharp-Editor.rsp2
[183/238    0s] WriteText Library/Bee/artifacts/2000b0aE.dag/Assembly-CSharp-Editor.UnityAdditionalFile.txt
[184/238    0s] WriteText Library/Bee/artifacts/2000b0aE.dag/Assembly-CSharp-Editor.dll.mvfrm.rsp
[185/238    0s] WriteText Library/Bee/artifacts/2000b0aE.dag/Assembly-CSharp-Editor.rsp
[186/238    0s] MovedFromExtractor-Combine Library/Bee/artifacts/2000b0aE.dag/UnityEngine.UI.dll.mvfrm
[187/238    4s] Csc Library/Bee/artifacts/2000b0aE.dag/UnityEngine.UI.dll (+2 others)
[           0s] Csc Library/Bee/artifacts/2000b0aE.dag/UnityEngine.UI.dll (+2 others) [CacheWrite 00000000000000000000000000000005]
[188/238    0s] CopyFiles Library/ScriptAssemblies/UnityEngine.UI.pdb
[189/238    0s] CopyFiles Library/ScriptAssemblies/UnityEngine.UI.dll
[190/238    0s] MovedFromExtractor Library/Bee/artifacts/mvdfrm/UnityEngine.UI.ref.dll_7A28423D4A766FDA.mvfrm
[191/238    0s] MovedFromExtractor-Combine Library/Bee/artifacts/2000b0aE.dag/UnityEditor.UI.dll.mvfrm
[192/238    5s] Csc Library/Bee/artifacts/2000b0aE.dag/UnityEditor.UI.dll (+2 others)
[           0s] Csc Library/Bee/artifacts/2000b0aE.dag/UnityEditor.UI.dll (+2 others) [CacheWrite 00000000000000000000000000000005]
[193/238    0s] CopyFiles Library/ScriptAssemblies/UnityEditor.UI.pdb
[194/238    0s] MovedFromExtractor Library/Bee/artifacts/mvdfrm/UnityEditor.UI.ref.dll_BDC26BE24454476F.mvfrm
[195/238    0s] CopyFiles Library/ScriptAssemblies/UnityEditor.UI.dll
[196/238    0s] MovedFromExtractor-Combine Library/Bee/artifacts/2000b0aE.dag/com.clockworklabs.spacetimedbsdk.dll.mvfrm
[197/238    0s] MovedFromExtractor-Combine Library/Bee/artifacts/2000b0aE.dag/Unity.Multiplayer.Center.Common.dll.mvfrm
[198/238    0s] MovedFromExtractor-Combine Library/Bee/artifacts/2000b0aE.dag/Unity.InternalAPIEngineBridge.004.dll.mvfrm
[199/238    0s] Csc Library/Bee/artifacts/2000b0aE.dag/Unity.InternalAPIEngineBridge.004.dll (+2 others)
[200/238    0s] Csc Library/Bee/artifacts/2000b0aE.dag/Unity.Multiplayer.Center.Common.dll (+2 others)
[           0s] Csc Library/Bee/artifacts/2000b0aE.dag/Unity.InternalAPIEngineBridge.004.dll (+2 others) [CacheWrite 00000000000000000000000000000005]
[201/238    0s] CopyFiles Library/ScriptAssemblies/Unity.InternalAPIEngineBridge.004.dll
[202/238    0s] CopyFiles Library/ScriptAssemblies/Unity.InternalAPIEngineBridge.004.pdb
[           0s] Csc Library/Bee/artifacts/2000b0aE.dag/Unity.Multiplayer.Center.Common.dll (+2 others) [CacheWrite 00000000000000000000000000000005]
[203/238    0s] CopyFiles Library/ScriptAssemblies/Unity.Multiplayer.Center.Common.dll
[204/238    0s] CopyFiles Library/ScriptAssemblies/Unity.Multiplayer.Center.Common.pdb
[205/238    0s] MovedFromExtractor Library/Bee/artifacts/mvdfrm/Unity.InternalAPIEngineBridge.004.ref.dll_3585EADC0DC70DCC.mvfrm
[206/238    0s] MovedFromExtractor Library/Bee/artifacts/mvdfrm/Unity.Multiplayer.Center.Common.ref.dll_CB83302BCDCEC9AE.mvfrm
[207/238    0s] MovedFromExtractor-Combine Library/Bee/artifacts/2000b0aE.dag/Unity.TextMeshPro.dll.mvfrm
[208/238    0s] MovedFromExtractor-Combine Library/Bee/artifacts/2000b0aE.dag/Unity.Multiplayer.Center.Editor.dll.mvfrm
[209/238    2s] Csc Library/Bee/artifacts/2000b0aE.dag/com.clockworklabs.spacetimedbsdk.dll (+2 others)
[           0s] Csc Library/Bee/artifacts/2000b0aE.dag/com.clockworklabs.spacetimedbsdk.dll (+2 others) [CacheWrite 00000000000000000000000000000005]
[210/238    0s] CopyFiles Library/ScriptAssemblies/com.clockworklabs.spacetimedbsdk.dll
[211/238    0s] CopyFiles Library/ScriptAssemblies/com.clockworklabs.spacetimedbsdk.pdb
[212/238    2s] Csc Library/Bee/artifacts/2000b0aE.dag/Unity.Multiplayer.Center.Editor.dll (+2 others)
[           0s] Csc Library/Bee/artifacts/2000b0aE.dag/Unity.Multiplayer.Center.Editor.dll (+2 others) [CacheWrite 00000000000000000000000000000005]
[213/238    0s] CopyFiles Library/ScriptAssemblies/Unity.Multiplayer.Center.Editor.pdb
[214/238    0s] CopyFiles Library/ScriptAssemblies/Unity.Multiplayer.Center.Editor.dll
[215/238    0s] MovedFromExtractor Library/Bee/artifacts/mvdfrm/Unity.Multiplayer.Center.Editor.ref.dll_C86C2826CEF5F430.mvfrm
[216/238    2s] Csc Library/Bee/artifacts/2000b0aE.dag/Unity.TextMeshPro.dll (+2 others)
[           0s] Csc Library/Bee/artifacts/2000b0aE.dag/Unity.TextMeshPro.dll (+2 others) [CacheWrite 00000000000000000000000000000005]
[217/238    0s] CopyFiles Library/ScriptAssemblies/Unity.TextMeshPro.pdb
[218/238    0s] CopyFiles Library/ScriptAssemblies/Unity.TextMeshPro.dll
[219/238    0s] MovedFromExtractor Library/Bee/artifacts/mvdfrm/Unity.TextMeshPro.ref.dll_3701448EC0EF5C81.mvfrm
[220/238    0s] MovedFromExtractor-Combine Library/Bee/artifacts/2000b0aE.dag/UnityEditor.UI.Analytics.dll.mvfrm
[221/238    0s] MovedFromExtractor-Combine Library/Bee/artifacts/2000b0aE.dag/Unity.TextMeshPro.Editor.dll.mvfrm
[222/238    0s] Csc Library/Bee/artifacts/2000b0aE.dag/UnityEditor.UI.Analytics.dll (+2 others)
[           0s] Csc Library/Bee/artifacts/2000b0aE.dag/UnityEditor.UI.Analytics.dll (+2 others) [CacheWrite 00000000000000000000000000000005]
[223/238    0s] CopyFiles Library/ScriptAssemblies/UnityEditor.UI.Analytics.pdb
[224/238    0s] CopyFiles Library/ScriptAssemblies/UnityEditor.UI.Analytics.dll
[225/238    0s] MovedFromExtractor Library/Bee/artifacts/mvdfrm/UnityEditor.UI.Analytics.ref.dll_05D8213CEFDD7017.mvfrm
[226/238    1s] Csc Library/Bee/artifacts/2000b0aE.dag/Unity.TextMeshPro.Editor.dll (+2 others)
[           0s] Csc Library/Bee/artifacts/2000b0aE.dag/Unity.TextMeshPro.Editor.dll (+2 others) [CacheWrite 00000000000000000000000000000005]
[227/238    0s] CopyFiles Library/ScriptAssemblies/Unity.TextMeshPro.Editor.pdb
[228/238    0s] MovedFromExtractor Library/Bee/artifacts/mvdfrm/Unity.TextMeshPro.Editor.ref.dll_E01181B6C057CE40.mvfrm
[229/238    0s] MovedFromExtractor-Combine Library/Bee/artifacts/2000b0aE.dag/Assembly-CSharp-Editor.dll.mvfrm
[230/238    0s] MovedFromExtractor-Combine Library/Bee/artifacts/2000b0aE.dag/Assembly-CSharp.dll.mvfrm
[231/238    0s] CopyFiles Library/ScriptAssemblies/Unity.TextMeshPro.Editor.dll
[232/238    0s] Csc Library/Bee/artifacts/2000b0aE.dag/Assembly-CSharp.dll (+2 others)
Assets\Scripts\Items\ItemSystem.cs(79,34): warning CS0618: 'Object.FindObjectOfType<T>()' is obsolete: 'Object.FindObjectOfType has been deprecated. Use Object.FindFirstObjectByType instead or if finding any instance is acceptable the faster Object.FindAnyObjectByType'

Assets\Scripts\Setup\AutoScreenshot.cs(42,26): warning CS0618: 'Object.FindObjectOfType<T>()' is obsolete: 'Object.FindObjectOfType has been deprecated. Use Object.FindFirstObjectByType instead or if finding any instance is acceptable the faster Object.FindAnyObjectByType'

Assets\Scripts\Setup\SceneBuilder.cs(70,17): warning CS0618: 'Object.FindObjectOfType<T>()' is obsolete: 'Object.FindObjectOfType has been deprecated. Use Object.FindFirstObjectByType instead or if finding any instance is acceptable the faster Object.FindAnyObjectByType'

Assets\Scripts\SpacetimeDB\SpacetimeDBManager.cs(29,29): warning CS0067: The event 'SpacetimeDBManager.OnPlayersUpdated' is never used

Assets\Scripts\Leaderboard\LeaderboardManager.cs(16,38): warning CS0414: The field 'LeaderboardManager.maxVisibleEntries' is assigned but its value is never used

Assets\Scripts\Leaderboard\RankChangeDetector.cs(19,21): warning CS0414: The field 'RankChangeDetector.lastScore' is assigned but its value is never used

Assets\Scripts\UI\LeaderboardEntryUI.cs(21,40): warning CS0414: The field 'LeaderboardEntryUI.slideSpeed' is assigned but its value is never used
[233/238    0s] CopyFiles Library/ScriptAssemblies/Assembly-CSharp.pdb
[234/238    0s] CopyFiles Library/ScriptAssemblies/Assembly-CSharp.dll
[235/238    0s] Csc Library/Bee/artifacts/2000b0aE.dag/Assembly-CSharp-Editor.dll (+2 others)
[236/238    0s] CopyFiles Library/ScriptAssemblies/Assembly-CSharp-Editor.pdb
[237/238    0s] CopyFiles Library/ScriptAssemblies/Assembly-CSharp-Editor.dll
*** Tundra build success (19.70 seconds), 96 items updated, 238 evaluated
Assets\Scripts\Items\ItemSystem.cs(79,34): warning CS0618: 'Object.FindObjectOfType<T>()' is obsolete: 'Object.FindObjectOfType has been deprecated. Use Object.FindFirstObjectByType instead or if finding any instance is acceptable the faster Object.FindAnyObjectByType'
Assets\Scripts\Setup\AutoScreenshot.cs(42,26): warning CS0618: 'Object.FindObjectOfType<T>()' is obsolete: 'Object.FindObjectOfType has been deprecated. Use Object.FindFirstObjectByType instead or if finding any instance is acceptable the faster Object.FindAnyObjectByType'
Assets\Scripts\Setup\SceneBuilder.cs(70,17): warning CS0618: 'Object.FindObjectOfType<T>()' is obsolete: 'Object.FindObjectOfType has been deprecated. Use Object.FindFirstObjectByType instead or if finding any instance is acceptable the faster Object.FindAnyObjectByType'
Assets\Scripts\SpacetimeDB\SpacetimeDBManager.cs(29,29): warning CS0067: The event 'SpacetimeDBManager.OnPlayersUpdated' is never used
Assets\Scripts\Leaderboard\LeaderboardManager.cs(16,38): warning CS0414: The field 'LeaderboardManager.maxVisibleEntries' is assigned but its value is never used
Assets\Scripts\Leaderboard\RankChangeDetector.cs(19,21): warning CS0414: The field 'RankChangeDetector.lastScore' is assigned but its value is never used
Assets\Scripts\UI\LeaderboardEntryUI.cs(21,40): warning CS0414: The field 'LeaderboardEntryUI.slideSpeed' is assigned but its value is never used
AssetDatabase: script compilation time: 23.677995s
Begin MonoManager ReloadAssembly
Total cache size 17440178
Total cache size after purge 17440178, took 00:00:00.1327993
- Loaded All Assemblies, in  3.618 seconds
Start importing Assets/Plugins using Guid(c3d4e5f6a7b8c9d0e1f2a3b4c5d6a7b8) (DefaultImporter) -> (artifact id: '099ca32139c37589decdd1cc187c2392') in 0.0574556 seconds
Start importing Assets/Scripts/Audio using Guid(b95121a3d1f101c46ad4c06be2c796c8) (DefaultImporter) -> (artifact id: '18e383d628b69fb9873341ec165fdcb5') in 0.0049965 seconds
Refreshing native plugins compatible for Editor in 11.34 ms, found 0 plugins.
Native extension for WindowsStandalone target not found
Native extension for WebGL target not found
ScheduleIndexationOnStartup MainProcess:True IndexOnStartup:True
Mono: successfully reloaded assembly
- Finished resetting the current domain, in  0.714 seconds
Domain Reload Profiling: 4330ms
	BeginReloadAssembly (364ms)
		ExecutionOrderSort (0ms)
		DisableScriptedObjects (21ms)
		BackupInstance (0ms)
		ReleaseScriptingObjects (0ms)
		CreateAndSetChildDomain (87ms)
	RebuildCommonClasses (66ms)
	RebuildNativeTypeToScriptingClass (31ms)
	initialDomainReloadingComplete (47ms)
	LoadAllAssembliesAndSetupDomain (3107ms)
		LoadAssemblies (3226ms)
		RebuildTransferFunctionScriptingTraits (0ms)
		AnalyzeDomain (60ms)
			TypeCache.Refresh (30ms)
				TypeCache.ScanAssembly (22ms)
			BuildScriptInfoCaches (17ms)
			ResolveRequiredComponents (7ms)
	FinalizeReload (715ms)
		ReleaseScriptCaches (0ms)
		RebuildScriptCaches (0ms)
		SetupLoadedEditorAssemblies (546ms)
			LogAssemblyErrors (0ms)
			InitializePlatformSupportModulesInManaged (48ms)
			SetLoadedEditorAssemblies (4ms)
			BeforeProcessingInitializeOnLoad (240ms)
			ProcessInitializeOnLoadAttributes (192ms)
			ProcessInitializeOnLoadMethodAttributes (55ms)
			AfterProcessingInitializeOnLoad (7ms)
			EditorAssembliesLoaded (0ms)
		ExecutionOrderSort2 (0ms)
		AwakeInstancesAfterBackupRestoration (14ms)
Start importing Assets/TextMesh Pro/Fonts/LiberationSans.ttf using Guid(e3265ab4bf004d28a9537516768c1c75) (TrueTypeFontImporter) -> (artifact id: '1b6c967bd36d40222221e4a699585592') in 0.6351516 seconds
Refreshing native plugins compatible for Editor in 0.60 ms, found 0 plugins.
Preloading 0 native plugins for Editor in 0.00 ms.
Asset Pipeline Refresh (id=d17a083314c86d945b685019a09918ab): Total: 30.078 seconds - Initiated by InitialRefreshV2(ForceSynchronousImport)
	Summary:
		Imports: total=70 (actual=3, local cache=67, cache server=0)
		Asset DB Process Time: managed=6 ms, native=2468 ms
		Asset DB Callback time: managed=153 ms, native=131 ms
		Scripting: domain reloads=1, domain reload time=3618 ms, compile time=23682 ms, other=16 ms
		Project Asset Count: scripts=238, non-scripts=173
		Asset File Changes: new=6, changed=17, moved=0, deleted=0
		Scan Filter Count: 0
	InvokeCustomDependenciesCallbacks: 0.002ms
	InvokePackagesCallback: 125.219ms
	ApplyChangesToAssetFolders: 1.781ms
	Scan: 406.817ms
	OnSourceAssetsModified: 2.026ms
	CategorizeAssetsWithTransientArtifact: 248.128ms
	ProcessAssetsWithTransientArtifactChanges: 18.835ms
	CategorizeAssets: 7.095ms
	ImportOutOfDateAssets: 1439.763ms (-22952.375ms without children)
		ImportManagerImport: 708.824ms (10.194ms without children)
			ImportInProcess: 698.576ms
			UpdateCategorizedAssets: 0.054ms
		CompileScripts: 23682.352ms
		ReloadNativeAssets: 0.001ms
		UnloadImportedAssets: 0.210ms
		ReloadImportedAssets: 0.005ms
		EnsureUptoDateAssetsAreRegisteredWithGuidPM: 0.176ms
		InitializingProgressBar: 0.005ms
		PostProcessAllAssetNotificationsAddChangedAssets: 0.001ms
		OnDemandSchedulerStart: 0.564ms
	PostProcessAllAssets: 158.528ms
	Hotreload: 2.063ms
	GatherAllCurrentPrimaryArtifactRevisions: 0.004ms
	UnloadStreamsBegin: 3.234ms
	PersistCurrentRevisions: 0.204ms
	UnloadStreamsEnd: 0.001ms
	GenerateScriptTypeHashes: 0.325ms
	Untracked: 27663.876ms

Application.AssetDatabase Initial Refresh End
Scanning for USB devices : 0.427ms
Initializing Unity extensions:
[MODES] ModeService[none].Initialize
[MODES] ModeService[none].LoadModes
[MODES] Loading mode Default (0) for mode-current-id-Leaderboard Game
Unloading 4 Unused Serialized files (Serialized files now loaded: 0)
Unloading 518 unused Assets / (1.1 MB). Loaded Objects now: 1132.
Memory consumption went from 95.6 MB to 94.5 MB.
Total: 19.229000 ms (FindLiveObjects: 0.209500 ms CreateObjectMapping: 0.161300 ms MarkObjects: 16.828700 ms  DeleteObjects: 2.028100 ms)

Cancelling FileDialog: Build Web
UnityEngine.Debug:ExtractStackTraceNoAlloc (byte*,int,string)
UnityEngine.StackTraceUtility:ExtractStackTrace ()
UnityEditor.EditorUtility:SaveBuildPanel (UnityEditor.BuildTarget,string,string,string,string,bool&)
UnityEditor.BuildPlayerWindow/DefaultBuildMethods:PickBuildLocation (UnityEditor.BuildTargetGroup,UnityEditor.BuildTarget,int,UnityEditor.BuildOptions,bool&)
UnityEditor.BuildPlayerWindow/DefaultBuildMethods:GetBuildPlayerOptions (bool,UnityEditor.BuildPlayerOptions,bool)
UnityEditor.BuildPlayerWindow/DefaultBuildMethods:GetBuildPlayerOptionsFromActiveBuildTarget (bool,UnityEditor.BuildPlayerOptions)
UnityEditor.BuildPlayerWindow:CallBuildMethods (bool,UnityEditor.BuildOptions)
UnityEditor.BuildPlayerWindow:BuildPlayerAndRunInternal (bool)
UnityEditor.BuildPlayerWindow:BuildPlayerAndRun ()

[C:\build\output\unity\unity\Editor\Platform\Windows\EditorUtility.cpp line 1443]

Batchmode quit successfully invoked - shutting down!
Curl error 42: Callback aborted
[Physics::Module] Cleanup current backend.
[Physics::Module] Id: 0xf2b8ea05
Input System module state changed to: ShutdownInProgress.
Input System polling thread exited.
Input System module state changed to: Shutdown.
[Licensing::IpcConnector] LicenseClient-Administrator-notifications channel disconnected successfully.
[Licensing::IpcConnector] LicenseClient-Administrator channel disconnected successfully.
AcceleratorClientConnectionCallback - disconnected - :0
Cleanup mono
abort_threads: Failed aborting id: 0000000000003754, mono_thread_manage will ignore it

abort_threads: Failed aborting id: 0000000000000A88, mono_thread_manage will ignore it

abort_threads: Failed aborting id: 0000000000003754, mono_thread_manage will ignore it

abort_threads: Failed aborting id: 0000000000000A88, mono_thread_manage will ignore it

debugger-agent: Unable to listen on 2920
Exiting batchmode successfully now!
Exiting without the bug reporter. Application will terminate with return code 0